ERROR: Worker: SMTP_Control: handleGreeting: Fail to receive greeting from server 94.100.180.31. Errno: 111
ERROR: Worker: SMTP_Control: handleGreeting: Fail to receive greeting from server 94.100.180.31. Errno: 111
ERROR: Worker: SMTP_Control: handleGreeting: Fail to receive greeting from server 94.100.180.104. Errno: 111
ERROR: Worker: SMTP_Control: handleGreeting: Fail to receive greeting from server 94.100.180.104. Errno: 111
ERROR: Worker: SMTP_Control: handleGreeting: Fail to receive greeting from server 94.100.180.104. Errno: 111
ERROR: Worker: SMTP_Control: handleGreeting: Fail to receive greeting from server 127.0.0.1. Errno: 111
ERROR: Worker: SMTP_Control: handleResponseOfMailFrom: Fail message(250 Ok reset
) of RCPT TO response from server 127.0.0.1.
ERROR: Worker: SMTP_Control: handleGreeting: Fail to receive greeting from server 213.180.193.89. Errno: 110
ERROR: Worker: SMTP_Control: handleResponseOfMailFrom: Fail message(250 Ok reset
) of RCPT TO response from server 127.0.0.1.
ERROR: Worker: SMTP_Control: handleResponseOfMailFrom: Fail message(250 Ok reset
) of RCPT TO response from server 127.0.0.1.
ERROR: Worker: SMTP_Control: handleResponseOfMailFrom: Fail message(250 Ok reset
) of RCPT TO response from server 127.0.0.1.
ERROR: Worker: SMTP_Control: handleGreeting: Fail to receive greeting from server 94.100.180.104. Errno: 111
ERROR: Worker: SMTP_Control: handleResponseOfLetter: Fail message(250 Ok reset
) of response about letter from server 127.0.0.1.
ERROR: Worker: SMTP_Control: handleResponseOfLetter: Fail message(250 Ok reset
) of response about letter from server 127.0.0.1.
ERROR: Worker: SMTP_Control: handleGreeting: Fail to receive greeting from server 94.100.180.104. Errno: 111
ERROR: Worker: SMTP_Control: handleGreeting: Fail to receive greeting from server 94.100.180.31. Errno: 111
