\BOOKMARK [0][-]{chapter*.1}{\376\377\004\022\004\062\004\065\004\064\004\065\004\075\004\070\004\065}{}% 1
\BOOKMARK [0][-]{chapter.1}{\376\377\004\032\004\076\004\075\004\101\004\102\004\100\004\103\004\072\004\102\004\076\004\100\004\101\004\072\004\070\004\071\000\040\004\100\004\060\004\067\004\064\004\065\004\073}{}% 2
\BOOKMARK [1][-]{section.1.1}{\376\377\004\041\004\065\004\100\004\062\004\065\004\100}{chapter.1}% 3
\BOOKMARK [2][-]{subsection.1.1.1}{\376\377\004\032\004\076\004\075\004\065\004\107\004\075\004\113\004\071\000\040\004\060\004\062\004\102\004\076\004\074\004\060\004\102\000\040\004\101\004\076\004\101\004\102\004\076\004\117\004\075\004\070\004\071\000\040\004\101\004\065\004\100\004\062\004\065\004\100\004\060}{section.1.1}% 4
\BOOKMARK [1][-]{section.1.2}{\376\377\004\032\004\073\004\070\004\065\004\075\004\102}{chapter.1}% 5
\BOOKMARK [2][-]{subsection.1.2.1}{\376\377\004\037\004\100\004\070\004\075\004\106\004\070\004\077\000\040\004\064\004\065\004\071\004\101\004\102\004\062\004\070\004\117}{section.1.2}% 6
\BOOKMARK [2][-]{subsection.1.2.2}{\376\377\004\036\004\061\004\100\004\060\004\061\004\076\004\102\004\072\004\060\000\040\004\075\004\076\004\062\004\113\004\105\000\040\004\077\004\070\004\101\004\065\004\074}{section.1.2}% 7
\BOOKMARK [2][-]{subsection.1.2.3}{\376\377\004\041\004\073\004\076\004\062\004\060\004\100\004\114}{section.1.2}% 8
\BOOKMARK [2][-]{subsection.1.2.4}{\376\377\004\040\004\060\004\061\004\076\004\107\004\070\004\071\000\040\004\077\004\076\004\102\004\076\004\072}{section.1.2}% 9
\BOOKMARK [2][-]{subsection.1.2.5}{\376\377\004\020\004\072\004\102\004\070\004\062\004\075\004\076\004\065\000\040\004\101\004\076\004\065\004\064\004\070\004\065\004\075\004\070\004\065}{section.1.2}% 10
\BOOKMARK [2][-]{subsection.1.2.6}{\376\377\000S\000M\000T\000P\000\040\004\072\004\076\004\075\004\102\004\100\004\076\004\073\004\073\004\065\004\100}{section.1.2}% 11
\BOOKMARK [2][-]{subsection.1.2.7}{\376\377\004\041\004\070\004\075\004\102\004\060\004\072\004\101\004\070\004\101\000\040\004\077\004\076\004\064\004\064\004\065\004\100\004\066\004\070\004\062\004\060\004\065\004\074\004\113\004\105\000\040\004\072\004\076\004\074\004\060\004\075\004\064\000\040\004\077\004\100\004\076\004\102\004\076\004\072\004\076\004\073\004\060}{section.1.2}% 12
\BOOKMARK [0][-]{chapter.2}{\376\377\004\042\004\065\004\105\004\075\004\076\004\073\004\076\004\063\004\070\004\107\004\065\004\101\004\072\004\070\004\071\000\040\004\100\004\060\004\067\004\064\004\065\004\073}{}% 13
\BOOKMARK [1][-]{section.2.1}{\376\377\004\041\004\065\004\100\004\062\004\065\004\100}{chapter.2}% 14
\BOOKMARK [1][-]{section.2.2}{\376\377\004\032\004\073\004\070\004\065\004\075\004\102}{chapter.2}% 15
\BOOKMARK [2][-]{subsection.2.2.1}{\376\377\004\023\004\100\004\060\004\104\004\113\000\040\004\062\004\113\004\067\004\076\004\062\004\060\000\040\004\104\004\103\004\075\004\072\004\106\004\070\004\071}{section.2.2}% 16
\BOOKMARK [2][-]{subsection.2.2.2}{\376\377\004\036\004\101\004\075\004\076\004\062\004\075\004\113\004\065\000\040\004\064\004\060\004\075\004\075\004\113\004\065}{section.2.2}% 17
\BOOKMARK [1][-]{section.2.3}{\376\377\004\041\004\061\004\076\004\100\004\072\004\060\000\040\004\077\004\100\004\076\004\063\004\100\004\060\004\074\004\074\004\113}{chapter.2}% 18
\BOOKMARK [1][-]{section.2.4}{\376\377\004\036\004\101\004\075\004\076\004\062\004\075\004\113\004\065\000\040\004\104\004\103\004\075\004\072\004\106\004\070\004\070\000\040\004\077\004\100\004\076\004\063\004\100\004\060\004\074\004\074\004\113}{chapter.2}% 19
\BOOKMARK [1][-]{section.2.5}{\376\377\004\023\004\100\004\060\004\104\004\113\000\040\004\062\004\113\004\067\004\076\004\062\004\060\000\040\004\104\004\103\004\075\004\072\004\106\004\070\004\071}{chapter.2}% 20
\BOOKMARK [0][-]{figure.2.7}{\376\377\004\022\004\113\004\062\004\076\004\064\004\113}{}% 21
