<<<<<<< HEAD
<<<<<<< HEAD
This is pdfTeX, Version 3.1415926-2.5-1.40.14 (TeX Live 2013/Debian) (format=pdflatex 2018.9.14)  12 JAN 2019 05:26
=======
This is pdfTeX, Version 3.14159265-2.6-1.40.18 (TeX Live 2017/Debian) (preloaded format=pdflatex 2018.10.18)  12 JAN 2019 05:24
>>>>>>> –†–µ–ø–æ—Ä—Ç
=======
This is pdfTeX, Version 3.1415926-2.5-1.40.14 (TeX Live 2013/Debian) (format=pdflatex 2018.9.14)  12 JAN 2019 05:04
>>>>>>> Revert "–†–µ–ø–æ—Ä—Ç"
entering extended mode
 restricted \write18 enabled.
 %&-line parsing enabled.
**report.tex
(./report.tex
LaTeX2e <2011/06/27>
Babel <3.9h> and hyphenation patterns for 9 languages loaded.
(/usr/share/texlive/texmf-dist/tex/latex/base/report.cls
Document Class: report 2007/10/19 v1.4h Standard LaTeX document class
(/usr/share/texlive/texmf-dist/tex/latex/base/size12.clo
File: size12.clo 2007/10/19 v1.4h Standard LaTeX file (size option)
)
\c@part=\count79
\c@chapter=\count80
\c@section=\count81
\c@subsection=\count82
\c@subsubsection=\count83
\c@paragraph=\count84
\c@subparagraph=\count85
\c@figure=\count86
\c@table=\count87
\abovecaptionskip=\skip41
\belowcaptionskip=\skip42
\bibindent=\dimen102
) (./header.tex
(/usr/share/texlive/texmf-dist/tex/latex/base/inputenc.sty
Package: inputenc 2008/03/30 v1.1d Input encoding file
\inpenc@prehook=\toks14
\inpenc@posthook=\toks15

(/usr/share/texlive/texmf-dist/tex/latex/ucs/utf8x.def
File: utf8x.def 2004/10/17 UCS: Input encoding UTF-8
))
(/usr/share/texlive/texmf-dist/tex/latex/ucs/ucs.sty
Package: ucs 2013/05/11 v2.2 UCS: Unicode input support

(/usr/share/texlive/texmf-dist/tex/latex/ucs/data/uni-global.def
File: uni-global.def 2013/05/13 UCS: Unicode global data
)
\uc@secondtry=\count88
\uc@combtoks=\toks16
\uc@combtoksb=\toks17
\uc@temptokena=\toks18
)
(/usr/share/texlive/texmf-dist/tex/latex/base/fontenc.sty
Package: fontenc 2005/09/27 v1.99g Standard LaTeX package

(/usr/share/texlive/texmf-dist/tex/latex/cyrillic/t2aenc.def
File: t2aenc.def 2005/09/27 v1.0i Cyrillic encoding definition file
)
LaTeX Font Info:    Try loading font information for T2A+cmr on input line 100.


(/usr/share/texlive/texmf-dist/tex/latex/cyrillic/t2acmr.fd
File: t2acmr.fd 2001/08/11 v1.0a Computer Modern Cyrillic font definitions
))
(/usr/share/texlive/texmf-dist/tex/generic/babel/babel.sty
Package: babel 2013/12/03 3.9h The Babel package

(/usr/share/texlive/texmf-dist/tex/generic/babel-english/english.ldf
Language: english 2012/08/20 v3.3p English support from the babel system

(/usr/share/texlive/texmf-dist/tex/generic/babel/babel.def
File: babel.def 2013/12/03 3.9h Babel common definitions
\babel@savecnt=\count89
\U@D=\dimen103
)
\l@british = a dialect from \language\l@english 
\l@UKenglish = a dialect from \language\l@english 
\l@canadian = a dialect from \language\l@american 
\l@australian = a dialect from \language\l@british 
\l@newzealand = a dialect from \language\l@british 
)
(/usr/share/texlive/texmf-dist/tex/generic/babel-russian/russianb.ldf
Language: russian 2013/04/13 1.3a Russian support from the babel system
Package babel Info: Making " an active character on input line 147.
))
(/usr/share/texlive/texmf-dist/tex/latex/graphics/graphicx.sty
Package: graphicx 1999/02/16 v1.0f Enhanced LaTeX Graphics (DPC,SPQR)

(/usr/share/texlive/texmf-dist/tex/latex/graphics/keyval.sty
Package: keyval 1999/03/16 v1.13 key=value parser (DPC)
\KV@toks@=\toks19
)
(/usr/share/texlive/texmf-dist/tex/latex/graphics/graphics.sty
Package: graphics 2009/02/05 v1.0o Standard LaTeX Graphics (DPC,SPQR)

(/usr/share/texlive/texmf-dist/tex/latex/graphics/trig.sty
Package: trig 1999/03/16 v1.09 sin cos tan (DPC)
)
(/usr/share/texlive/texmf-dist/tex/latex/latexconfig/graphics.cfg
File: graphics.cfg 2010/04/23 v1.9 graphics configuration of TeX Live
)
Package graphics Info: Driver file: pdftex.def on input line 91.

(/usr/share/texlive/texmf-dist/tex/latex/pdftex-def/pdftex.def
File: pdftex.def 2011/05/27 v0.06d Graphics/color for pdfTeX

(/usr/share/texlive/texmf-dist/tex/generic/oberdiek/infwarerr.sty
Package: infwarerr 2010/04/08 v1.3 Providing info/warning/error messages (HO)
)
(/usr/share/texlive/texmf-dist/tex/generic/oberdiek/ltxcmds.sty
Package: ltxcmds 2011/11/09 v1.22 LaTeX kernel commands for general use (HO)
)
\Gread@gobject=\count90
))
\Gin@req@height=\dimen104
\Gin@req@width=\dimen105
)
(/usr/share/texmf/tex/latex/pgf/frontendlayer/tikz.sty
(/usr/share/texmf/tex/latex/pgf/basiclayer/pgf.sty
(/usr/share/texmf/tex/latex/pgf/utilities/pgfrcs.sty
(/usr/share/texmf/tex/generic/pgf/utilities/pgfutil-common.tex
\pgfutil@everybye=\toks20
)
(/usr/share/texmf/tex/generic/pgf/utilities/pgfutil-latex.def
\pgfutil@abb=\box26

(/usr/share/texlive/texmf-dist/tex/latex/ms/everyshi.sty
Package: everyshi 2001/05/15 v3.00 EveryShipout Package (MS)
))
(/usr/share/texmf/tex/generic/pgf/utilities/pgfrcs.code.tex
Package: pgfrcs 2010/10/25 v2.10 (rcs-revision 1.24)
))
Package: pgf 2008/01/15 v2.10 (rcs-revision 1.12)

(/usr/share/texmf/tex/latex/pgf/basiclayer/pgfcore.sty
(/usr/share/texmf/tex/latex/pgf/systemlayer/pgfsys.sty
(/usr/share/texmf/tex/generic/pgf/systemlayer/pgfsys.code.tex
Package: pgfsys 2010/06/30 v2.10 (rcs-revision 1.37)

(/usr/share/texmf/tex/generic/pgf/utilities/pgfkeys.code.tex
\pgfkeys@pathtoks=\toks21
\pgfkeys@temptoks=\toks22

(/usr/share/texmf/tex/generic/pgf/utilities/pgfkeysfiltered.code.tex
\pgfkeys@tmptoks=\toks23
))
\pgf@x=\dimen106
\pgf@y=\dimen107
\pgf@xa=\dimen108
\pgf@ya=\dimen109
\pgf@xb=\dimen110
\pgf@yb=\dimen111
\pgf@xc=\dimen112
\pgf@yc=\dimen113
\w@pgf@writea=\write3
\r@pgf@reada=\read1
\c@pgf@counta=\count91
\c@pgf@countb=\count92
\c@pgf@countc=\count93
\c@pgf@countd=\count94

(/usr/share/texmf/tex/generic/pgf/systemlayer/pgf.cfg
File: pgf.cfg 2008/05/14  (rcs-revision 1.7)
)
Package pgfsys Info: Driver file for pgf: pgfsys-pdftex.def on input line 900.

(/usr/share/texmf/tex/generic/pgf/systemlayer/pgfsys-pdftex.def
File: pgfsys-pdftex.def 2009/05/22  (rcs-revision 1.26)

(/usr/share/texmf/tex/generic/pgf/systemlayer/pgfsys-common-pdf.def
File: pgfsys-common-pdf.def 2008/05/19  (rcs-revision 1.10)
)))
(/usr/share/texmf/tex/generic/pgf/systemlayer/pgfsyssoftpath.code.tex
File: pgfsyssoftpath.code.tex 2008/07/18  (rcs-revision 1.7)
\pgfsyssoftpath@smallbuffer@items=\count95
\pgfsyssoftpath@bigbuffer@items=\count96
)
(/usr/share/texmf/tex/generic/pgf/systemlayer/pgfsysprotocol.code.tex
File: pgfsysprotocol.code.tex 2006/10/16  (rcs-revision 1.4)
))
(/usr/share/texmf/tex/latex/xcolor/xcolor.sty
Package: xcolor 2007/01/21 v2.11 LaTeX color extensions (UK)

(/usr/share/texlive/texmf-dist/tex/latex/latexconfig/color.cfg
File: color.cfg 2007/01/18 v1.5 color configuration of teTeX/TeXLive
)
Package xcolor Info: Driver file: pdftex.def on input line 225.
Package xcolor Info: Model `cmy' substituted by `cmy0' on input line 1337.
Package xcolor Info: Model `hsb' substituted by `rgb' on input line 1341.
Package xcolor Info: Model `RGB' extended on input line 1353.
Package xcolor Info: Model `HTML' substituted by `rgb' on input line 1355.
Package xcolor Info: Model `Hsb' substituted by `hsb' on input line 1356.
Package xcolor Info: Model `tHsb' substituted by `hsb' on input line 1357.
Package xcolor Info: Model `HSB' substituted by `hsb' on input line 1358.
Package xcolor Info: Model `Gray' substituted by `gray' on input line 1359.
Package xcolor Info: Model `wave' substituted by `hsb' on input line 1360.
)
(/usr/share/texmf/tex/generic/pgf/basiclayer/pgfcore.code.tex
Package: pgfcore 2010/04/11 v2.10 (rcs-revision 1.7)

(/usr/share/texmf/tex/generic/pgf/math/pgfmath.code.tex
(/usr/share/texmf/tex/generic/pgf/math/pgfmathcalc.code.tex
(/usr/share/texmf/tex/generic/pgf/math/pgfmathutil.code.tex)
(/usr/share/texmf/tex/generic/pgf/math/pgfmathparser.code.tex
\pgfmath@dimen=\dimen114
\pgfmath@count=\count97
\pgfmath@box=\box27
\pgfmath@toks=\toks24
\pgfmath@stack@operand=\toks25
\pgfmath@stack@operation=\toks26
)
(/usr/share/texmf/tex/generic/pgf/math/pgfmathfunctions.code.tex
(/usr/share/texmf/tex/generic/pgf/math/pgfmathfunctions.basic.code.tex)
(/usr/share/texmf/tex/generic/pgf/math/pgfmathfunctions.trigonometric.code.tex)
(/usr/share/texmf/tex/generic/pgf/math/pgfmathfunctions.random.code.tex)
(/usr/share/texmf/tex/generic/pgf/math/pgfmathfunctions.comparison.code.tex)
(/usr/share/texmf/tex/generic/pgf/math/pgfmathfunctions.base.code.tex)
(/usr/share/texmf/tex/generic/pgf/math/pgfmathfunctions.round.code.tex)
(/usr/share/texmf/tex/generic/pgf/math/pgfmathfunctions.misc.code.tex)))
(/usr/share/texmf/tex/generic/pgf/math/pgfmathfloat.code.tex
\c@pgfmathroundto@lastzeros=\count98
))
(/usr/share/texmf/tex/generic/pgf/basiclayer/pgfcorepoints.code.tex
File: pgfcorepoints.code.tex 2010/04/09  (rcs-revision 1.20)
\pgf@picminx=\dimen115
\pgf@picmaxx=\dimen116
\pgf@picminy=\dimen117
\pgf@picmaxy=\dimen118
\pgf@pathminx=\dimen119
\pgf@pathmaxx=\dimen120
\pgf@pathminy=\dimen121
\pgf@pathmaxy=\dimen122
\pgf@xx=\dimen123
\pgf@xy=\dimen124
\pgf@yx=\dimen125
\pgf@yy=\dimen126
\pgf@zx=\dimen127
\pgf@zy=\dimen128
)
(/usr/share/texmf/tex/generic/pgf/basiclayer/pgfcorepathconstruct.code.tex
File: pgfcorepathconstruct.code.tex 2010/08/03  (rcs-revision 1.24)
\pgf@path@lastx=\dimen129
\pgf@path@lasty=\dimen130
)
(/usr/share/texmf/tex/generic/pgf/basiclayer/pgfcorepathusage.code.tex
File: pgfcorepathusage.code.tex 2008/04/22  (rcs-revision 1.12)
\pgf@shorten@end@additional=\dimen131
\pgf@shorten@start@additional=\dimen132
)
(/usr/share/texmf/tex/generic/pgf/basiclayer/pgfcorescopes.code.tex
File: pgfcorescopes.code.tex 2010/09/08  (rcs-revision 1.34)
\pgfpic=\box28
\pgf@hbox=\box29
\pgf@layerbox@main=\box30
\pgf@picture@serial@count=\count99
)
(/usr/share/texmf/tex/generic/pgf/basiclayer/pgfcoregraphicstate.code.tex
File: pgfcoregraphicstate.code.tex 2008/04/22  (rcs-revision 1.9)
\pgflinewidth=\dimen133
)
(/usr/share/texmf/tex/generic/pgf/basiclayer/pgfcoretransformations.code.tex
File: pgfcoretransformations.code.tex 2009/06/10  (rcs-revision 1.11)
\pgf@pt@x=\dimen134
\pgf@pt@y=\dimen135
\pgf@pt@temp=\dimen136
)
(/usr/share/texmf/tex/generic/pgf/basiclayer/pgfcorequick.code.tex
File: pgfcorequick.code.tex 2008/10/09  (rcs-revision 1.3)
)
(/usr/share/texmf/tex/generic/pgf/basiclayer/pgfcoreobjects.code.tex
File: pgfcoreobjects.code.tex 2006/10/11  (rcs-revision 1.2)
)
(/usr/share/texmf/tex/generic/pgf/basiclayer/pgfcorepathprocessing.code.tex
File: pgfcorepathprocessing.code.tex 2008/10/09  (rcs-revision 1.8)
)
(/usr/share/texmf/tex/generic/pgf/basiclayer/pgfcorearrows.code.tex
File: pgfcorearrows.code.tex 2008/04/23  (rcs-revision 1.11)
)
(/usr/share/texmf/tex/generic/pgf/basiclayer/pgfcoreshade.code.tex
File: pgfcoreshade.code.tex 2008/11/23  (rcs-revision 1.13)
\pgf@max=\dimen137
\pgf@sys@shading@range@num=\count100
)
(/usr/share/texmf/tex/generic/pgf/basiclayer/pgfcoreimage.code.tex
File: pgfcoreimage.code.tex 2010/03/25  (rcs-revision 1.16)

(/usr/share/texmf/tex/generic/pgf/basiclayer/pgfcoreexternal.code.tex
File: pgfcoreexternal.code.tex 2010/09/01  (rcs-revision 1.17)
\pgfexternal@startupbox=\box31
))
(/usr/share/texmf/tex/generic/pgf/basiclayer/pgfcorelayers.code.tex
File: pgfcorelayers.code.tex 2010/08/27  (rcs-revision 1.2)
)
(/usr/share/texmf/tex/generic/pgf/basiclayer/pgfcoretransparency.code.tex
File: pgfcoretransparency.code.tex 2008/01/17  (rcs-revision 1.2)
)
(/usr/share/texmf/tex/generic/pgf/basiclayer/pgfcorepatterns.code.tex
File: pgfcorepatterns.code.tex 2009/07/02  (rcs-revision 1.3)
)))
(/usr/share/texmf/tex/generic/pgf/modules/pgfmoduleshapes.code.tex
File: pgfmoduleshapes.code.tex 2010/09/09  (rcs-revision 1.13)
\pgfnodeparttextbox=\box32
)
(/usr/share/texmf/tex/generic/pgf/modules/pgfmoduleplot.code.tex
File: pgfmoduleplot.code.tex 2010/10/22  (rcs-revision 1.8)
)
(/usr/share/texmf/tex/latex/pgf/compatibility/pgfcomp-version-0-65.sty
Package: pgfcomp-version-0-65 2007/07/03 v2.10 (rcs-revision 1.7)
\pgf@nodesepstart=\dimen138
\pgf@nodesepend=\dimen139
)
(/usr/share/texmf/tex/latex/pgf/compatibility/pgfcomp-version-1-18.sty
Package: pgfcomp-version-1-18 2007/07/23 v2.10 (rcs-revision 1.1)
))
(/usr/share/texmf/tex/latex/pgf/utilities/pgffor.sty
(/usr/share/texmf/tex/latex/pgf/utilities/pgfkeys.sty
(/usr/share/texmf/tex/generic/pgf/utilities/pgfkeys.code.tex))
(/usr/share/texmf/tex/generic/pgf/utilities/pgffor.code.tex
Package: pgffor 2010/03/23 v2.10 (rcs-revision 1.18)
\pgffor@iter=\dimen140
\pgffor@skip=\dimen141
\pgffor@stack=\toks27
\pgffor@toks=\toks28
))
(/usr/share/texmf/tex/generic/pgf/frontendlayer/tikz/tikz.code.tex
Package: tikz 2010/10/13 v2.10 (rcs-revision 1.76)

(/usr/share/texmf/tex/generic/pgf/libraries/pgflibraryplothandlers.code.tex
File: pgflibraryplothandlers.code.tex 2010/05/31 v2.10 (rcs-revision 1.15)
\pgf@plot@mark@count=\count101
\pgfplotmarksize=\dimen142
)
\tikz@lastx=\dimen143
\tikz@lasty=\dimen144
\tikz@lastxsaved=\dimen145
\tikz@lastysaved=\dimen146
\tikzleveldistance=\dimen147
\tikzsiblingdistance=\dimen148
\tikz@figbox=\box33
\tikz@tempbox=\box34
\tikztreelevel=\count102
\tikznumberofchildren=\count103
\tikznumberofcurrentchild=\count104
\tikz@fig@count=\count105

(/usr/share/texmf/tex/generic/pgf/modules/pgfmodulematrix.code.tex
File: pgfmodulematrix.code.tex 2010/08/24  (rcs-revision 1.4)
\pgfmatrixcurrentrow=\count106
\pgfmatrixcurrentcolumn=\count107
\pgf@matrix@numberofcolumns=\count108
)
\tikz@expandcount=\count109

(/usr/share/texmf/tex/generic/pgf/frontendlayer/tikz/libraries/tikzlibrarytopat
hs.code.tex
File: tikzlibrarytopaths.code.tex 2008/06/17 v2.10 (rcs-revision 1.2)
)))
(/usr/share/texmf/tex/generic/pgf/frontendlayer/tikz/libraries/tikzlibrarysnake
s.code.tex
File: tikzlibrarysnakes.code.tex 2008/02/05 v2.10 (rcs-revision 1.6)


Package tikz Warning: Snakes have been superseded by decorations. Please use th
e decoration libraries instead of the snakes library on input line 14.


(/usr/share/texmf/tex/generic/pgf/frontendlayer/tikz/libraries/tikzlibrarydecor
ations.pathmorphing.code.tex
(/usr/share/texmf/tex/generic/pgf/frontendlayer/tikz/libraries/tikzlibrarydecor
ations.code.tex
(/usr/share/texmf/tex/generic/pgf/modules/pgfmoduledecorations.code.tex
\pgfdecoratedcompleteddistance=\dimen149
\pgfdecoratedremainingdistance=\dimen150
\pgfdecoratedinputsegmentcompleteddistance=\dimen151
\pgfdecoratedinputsegmentremainingdistance=\dimen152
\pgf@decorate@distancetomove=\dimen153
\pgf@decorate@repeatstate=\count110
\pgfdecorationsegmentamplitude=\dimen154
\pgfdecorationsegmentlength=\dimen155
)
\tikz@lib@dec@box=\box35
)
(/usr/share/texmf/tex/generic/pgf/libraries/decorations/pgflibrarydecorations.p
athmorphing.code.tex))
(/usr/share/texmf/tex/generic/pgf/frontendlayer/tikz/libraries/tikzlibrarydecor
ations.pathreplacing.code.tex
(/usr/share/texmf/tex/generic/pgf/libraries/decorations/pgflibrarydecorations.p
athreplacing.code.tex))
(/usr/share/texmf/tex/generic/pgf/frontendlayer/tikz/libraries/tikzlibrarydecor
ations.shapes.code.tex
(/usr/share/texmf/tex/generic/pgf/libraries/decorations/pgflibrarydecorations.s
hapes.code.tex)))
(/usr/share/texmf/tex/generic/pgf/frontendlayer/tikz/libraries/tikzlibraryarrow
s.code.tex
File: tikzlibraryarrows.code.tex 2008/01/09 v2.10 (rcs-revision 1.1)

(/usr/share/texmf/tex/generic/pgf/libraries/pgflibraryarrows.code.tex
File: pgflibraryarrows.code.tex 2008/10/27 v2.10 (rcs-revision 1.9)
\arrowsize=\dimen156
))
(/usr/share/texmf/tex/generic/pgf/frontendlayer/tikz/libraries/tikzlibraryshape
s.code.tex
File: tikzlibraryshapes.code.tex 2008/01/09 v2.10 (rcs-revision 1.1)

(/usr/share/texmf/tex/generic/pgf/frontendlayer/tikz/libraries/tikzlibraryshape
s.geometric.code.tex
File: tikzlibraryshapes.geometric.code.tex 2008/01/09 v2.10 (rcs-revision 1.1)

(/usr/share/texmf/tex/generic/pgf/libraries/shapes/pgflibraryshapes.geometric.c
ode.tex
File: pgflibraryshapes.geometric.code.tex 2008/06/26 v2.10 (rcs-revision 1.1)
))
(/usr/share/texmf/tex/generic/pgf/frontendlayer/tikz/libraries/tikzlibraryshape
s.misc.code.tex
File: tikzlibraryshapes.misc.code.tex 2008/01/09 v2.10 (rcs-revision 1.1)

(/usr/share/texmf/tex/generic/pgf/libraries/shapes/pgflibraryshapes.misc.code.t
ex
File: pgflibraryshapes.misc.code.tex 2008/10/07 v2.10 (rcs-revision 1.3)
))
(/usr/share/texmf/tex/generic/pgf/frontendlayer/tikz/libraries/tikzlibraryshape
s.symbols.code.tex
File: tikzlibraryshapes.symbols.code.tex 2008/01/09 v2.10 (rcs-revision 1.1)

(/usr/share/texmf/tex/generic/pgf/libraries/shapes/pgflibraryshapes.symbols.cod
e.tex
File: pgflibraryshapes.symbols.code.tex 2009/10/27 v2.10 (rcs-revision 1.3)
))
(/usr/share/texmf/tex/generic/pgf/frontendlayer/tikz/libraries/tikzlibraryshape
s.arrows.code.tex
File: tikzlibraryshapes.arrows.code.tex 2008/01/09 v2.10 (rcs-revision 1.1)

(/usr/share/texmf/tex/generic/pgf/libraries/shapes/pgflibraryshapes.arrows.code
.tex
File: pgflibraryshapes.arrows.code.tex 2008/06/26 v2.10 (rcs-revision 1.1)
))
(/usr/share/texmf/tex/generic/pgf/frontendlayer/tikz/libraries/tikzlibraryshape
s.callouts.code.tex
(/usr/share/texmf/tex/generic/pgf/libraries/shapes/pgflibraryshapes.callouts.co
de.tex))
(/usr/share/texmf/tex/generic/pgf/frontendlayer/tikz/libraries/tikzlibraryshape
s.multipart.code.tex
File: tikzlibraryshapes.multipart.code.tex 2008/01/09 v2.10 (rcs-revision 1.1)

(/usr/share/texmf/tex/generic/pgf/libraries/shapes/pgflibraryshapes.multipart.c
ode.tex
File: pgflibraryshapes.multipart.code.tex 2010/01/07 v2.10 (rcs-revision 1.2)
\pgfnodepartlowerbox=\box36
\pgfnodeparttwobox=\box37
\pgfnodepartthreebox=\box38
\pgfnodepartfourbox=\box39
\pgfnodeparttwentybox=\box40
\pgfnodepartnineteenbox=\box41
\pgfnodeparteighteenbox=\box42
\pgfnodepartseventeenbox=\box43
\pgfnodepartsixteenbox=\box44
\pgfnodepartfifteenbox=\box45
\pgfnodepartfourteenbox=\box46
\pgfnodepartthirteenbox=\box47
\pgfnodeparttwelvebox=\box48
\pgfnodepartelevenbox=\box49
\pgfnodeparttenbox=\box50
\pgfnodepartninebox=\box51
\pgfnodeparteightbox=\box52
\pgfnodepartsevenbox=\box53
\pgfnodepartsixbox=\box54
\pgfnodepartfivebox=\box55
))) (/usr/share/texlive/texmf-dist/tex/latex/hyperref/hyperref.sty
Package: hyperref 2012/11/06 v6.83m Hypertext links for LaTeX

(/usr/share/texlive/texmf-dist/tex/generic/oberdiek/hobsub-hyperref.sty
Package: hobsub-hyperref 2012/05/28 v1.13 Bundle oberdiek, subset hyperref (HO)


(/usr/share/texlive/texmf-dist/tex/generic/oberdiek/hobsub-generic.sty
Package: hobsub-generic 2012/05/28 v1.13 Bundle oberdiek, subset generic (HO)
Package: hobsub 2012/05/28 v1.13 Construct package bundles (HO)
Package hobsub Info: Skipping package `infwarerr' (already loaded).
Package hobsub Info: Skipping package `ltxcmds' (already loaded).
Package: ifluatex 2010/03/01 v1.3 Provides the ifluatex switch (HO)
Package ifluatex Info: LuaTeX not detected.
Package: ifvtex 2010/03/01 v1.5 Detect VTeX and its facilities (HO)
Package ifvtex Info: VTeX not detected.
Package: intcalc 2007/09/27 v1.1 Expandable calculations with integers (HO)
Package: ifpdf 2011/01/30 v2.3 Provides the ifpdf switch (HO)
Package ifpdf Info: pdfTeX in PDF mode is detected.
Package: etexcmds 2011/02/16 v1.5 Avoid name clashes with e-TeX commands (HO)
Package etexcmds Info: Could not find \expanded.
(etexcmds)             That can mean that you are not using pdfTeX 1.50 or
(etexcmds)             that some package has redefined \expanded.
(etexcmds)             In the latter case, load this package earlier.
Package: kvsetkeys 2012/04/25 v1.16 Key value parser (HO)
Package: kvdefinekeys 2011/04/07 v1.3 Define keys (HO)
Package: pdftexcmds 2011/11/29 v0.20 Utility functions of pdfTeX for LuaTeX (HO
)
Package pdftexcmds Info: LuaTeX not detected.
Package pdftexcmds Info: \pdf@primitive is available.
Package pdftexcmds Info: \pdf@ifprimitive is available.
Package pdftexcmds Info: \pdfdraftmode found.
Package: pdfescape 2011/11/25 v1.13 Implements pdfTeX's escape features (HO)
Package: bigintcalc 2012/04/08 v1.3 Expandable calculations on big integers (HO
)
Package: bitset 2011/01/30 v1.1 Handle bit-vector datatype (HO)
Package: uniquecounter 2011/01/30 v1.2 Provide unlimited unique counter (HO)
)
Package hobsub Info: Skipping package `hobsub' (already loaded).
Package: letltxmacro 2010/09/02 v1.4 Let assignment for LaTeX macros (HO)
Package: hopatch 2012/05/28 v1.2 Wrapper for package hooks (HO)
Package: xcolor-patch 2011/01/30 xcolor patch
Package: atveryend 2011/06/30 v1.8 Hooks at the very end of document (HO)
Package atveryend Info: \enddocument detected (standard20110627).
Package: atbegshi 2011/10/05 v1.16 At begin shipout hook (HO)
Package: refcount 2011/10/16 v3.4 Data extraction from label references (HO)
Package: hycolor 2011/01/30 v1.7 Color options for hyperref/bookmark (HO)
)
(/usr/share/texlive/texmf-dist/tex/generic/ifxetex/ifxetex.sty
Package: ifxetex 2010/09/12 v0.6 Provides ifxetex conditional
)
(/usr/share/texlive/texmf-dist/tex/latex/oberdiek/auxhook.sty
Package: auxhook 2011/03/04 v1.3 Hooks for auxiliary files (HO)
)
(/usr/share/texlive/texmf-dist/tex/latex/oberdiek/kvoptions.sty
Package: kvoptions 2011/06/30 v3.11 Key value format for package options (HO)
)
\@linkdim=\dimen157
\Hy@linkcounter=\count111
\Hy@pagecounter=\count112

(/usr/share/texlive/texmf-dist/tex/latex/hyperref/pd1enc.def
File: pd1enc.def 2012/11/06 v6.83m Hyperref: PDFDocEncoding definition (HO)
)
\Hy@SavedSpaceFactor=\count113
Package hyperref Info: Option `unicode' set `true' on input line 3411.

(/usr/share/texlive/texmf-dist/tex/latex/hyperref/puenc.def
File: puenc.def 2012/11/06 v6.83m Hyperref: PDF Unicode definition (HO)
)
(/usr/share/texlive/texmf-dist/tex/latex/latexconfig/hyperref.cfg
File: hyperref.cfg 2002/06/06 v1.2 hyperref configuration of TeXLive
)
Package hyperref Info: Option `bookmarks' set `true' on input line 4319.
Package hyperref Info: Option `colorlinks' set `true' on input line 4319.
Package hyperref Info: Option `unicode' set `true' on input line 4319.
Package hyperref Info: Hyper figures OFF on input line 4443.
Package hyperref Info: Link nesting OFF on input line 4448.
Package hyperref Info: Hyper index ON on input line 4451.
Package hyperref Info: Plain pages OFF on input line 4458.
Package hyperref Info: Backreferencing OFF on input line 4463.
Package hyperref Info: Implicit mode ON; LaTeX internals redefined.
Package hyperref Info: Bookmarks ON on input line 4688.
\c@Hy@tempcnt=\count114

(/usr/share/texlive/texmf-dist/tex/latex/url/url.sty
\Urlmuskip=\muskip10
Package: url 2013/09/16  ver 3.4  Verb mode for urls, etc.
)
LaTeX Info: Redefining \url on input line 5041.
\XeTeXLinkMargin=\dimen158
\Fld@menulength=\count115
\Field@Width=\dimen159
\Fld@charsize=\dimen160
Package hyperref Info: Hyper figures OFF on input line 6295.
Package hyperref Info: Link nesting OFF on input line 6300.
Package hyperref Info: Hyper index ON on input line 6303.
Package hyperref Info: backreferencing OFF on input line 6310.
Package hyperref Info: Link coloring ON on input line 6313.
Package hyperref Info: Link coloring with OCG OFF on input line 6320.
Package hyperref Info: PDF/A mode OFF on input line 6325.
LaTeX Info: Redefining \ref on input line 6365.
LaTeX Info: Redefining \pageref on input line 6369.
\Hy@abspage=\count116
\c@Item=\count117
\c@Hfootnote=\count118
)

Package hyperref Message: Driver (autodetected): hpdftex.

(/usr/share/texlive/texmf-dist/tex/latex/hyperref/hpdftex.def
File: hpdftex.def 2012/11/06 v6.83m Hyperref driver for pdfTeX
\Fld@listcount=\count119
\c@bookmark@seq@number=\count120

(/usr/share/texlive/texmf-dist/tex/latex/oberdiek/rerunfilecheck.sty
Package: rerunfilecheck 2011/04/15 v1.7 Rerun checks for auxiliary files (HO)
Package uniquecounter Info: New unique counter `rerunfilecheck' on input line 2
82.
)
\Hy@SectionHShift=\skip43
)
(/usr/share/texlive/texmf-dist/tex/latex/tools/indentfirst.sty
Package: indentfirst 1995/11/23 v1.03 Indent first paragraph (DPC)
)
(/usr/share/texlive/texmf-dist/tex/latex/tools/calc.sty
Package: calc 2007/08/22 v4.3 Infix arithmetic (KKT,FJ)
\calc@Acount=\count121
\calc@Bcount=\count122
\calc@Adimen=\dimen161
\calc@Bdimen=\dimen162
\calc@Askip=\skip44
\calc@Bskip=\skip45
LaTeX Info: Redefining \setlength on input line 76.
LaTeX Info: Redefining \addtolength on input line 77.
\calc@Ccount=\count123
\calc@Cskip=\skip46
)
(/usr/share/texlive/texmf-dist/tex/latex/tools/array.sty
Package: array 2008/09/09 v2.4c Tabular extension package (FMi)
\col@sep=\dimen163
\extrarowheight=\dimen164
\NC@list=\toks29
\extratabsurround=\skip47
\backup@length=\skip48
)
\tmplength=\skip49
) (./report.aux

LaTeX Warning: Label `fig:scflow01' multiply defined.

)
\openout1 = `report.aux'.

LaTeX Font Info:    Checking defaults for OML/cmm/m/it on input line 9.
LaTeX Font Info:    ... okay on input line 9.
LaTeX Font Info:    Checking defaults for T1/cmr/m/n on input line 9.
LaTeX Font Info:    ... okay on input line 9.
LaTeX Font Info:    Checking defaults for OT1/cmr/m/n on input line 9.
LaTeX Font Info:    ... okay on input line 9.
LaTeX Font Info:    Checking defaults for OMS/cmsy/m/n on input line 9.
LaTeX Font Info:    ... okay on input line 9.
LaTeX Font Info:    Checking defaults for OMX/cmex/m/n on input line 9.
LaTeX Font Info:    ... okay on input line 9.
LaTeX Font Info:    Checking defaults for U/cmr/m/n on input line 9.
LaTeX Font Info:    ... okay on input line 9.
LaTeX Font Info:    Checking defaults for T2A/cmr/m/n on input line 9.
LaTeX Font Info:    ... okay on input line 9.
LaTeX Font Info:    Checking defaults for PD1/pdf/m/n on input line 9.
LaTeX Font Info:    ... okay on input line 9.
LaTeX Font Info:    Checking defaults for PU/pdf/m/n on input line 9.
LaTeX Font Info:    ... okay on input line 9.
 (/usr/share/texlive/texmf-dist/tex/latex/ucs/ucsencs.def
File: ucsencs.def 2011/01/21 Fixes to fontencodings LGR, T3
)
(/usr/share/texlive/texmf-dist/tex/context/base/supp-pdf.mkii
[Loading MPS to PDF converter (version 2006.09.02).]
\scratchcounter=\count124
\scratchdimen=\dimen165
\scratchbox=\box56
\nofMPsegments=\count125
\nofMParguments=\count126
\everyMPshowfont=\toks30
\MPscratchCnt=\count127
\MPscratchDim=\dimen166
\MPnumerator=\count128
\makeMPintoPDFobject=\count129
\everyMPtoPDFconversion=\toks31
) (/usr/share/texlive/texmf-dist/tex/latex/oberdiek/epstopdf-base.sty
Package: epstopdf-base 2010/02/09 v2.5 Base part for package epstopdf

(/usr/share/texlive/texmf-dist/tex/latex/oberdiek/grfext.sty
Package: grfext 2010/08/19 v1.1 Manage graphics extensions (HO)
)
Package grfext Info: Graphics extension search list:
(grfext)             [.png,.pdf,.jpg,.mps,.jpeg,.jbig2,.jb2,.PNG,.PDF,.JPG,.JPE
G,.JBIG2,.JB2,.eps]
(grfext)             \AppendGraphicsExtensions on input line 452.

(/usr/share/texlive/texmf-dist/tex/latex/latexconfig/epstopdf-sys.cfg
File: epstopdf-sys.cfg 2010/07/13 v1.3 Configuration of (r)epstopdf for TeX Liv
e
))
ABD: EveryShipout initializing macros
\AtBeginShipoutBox=\box57
Package hyperref Info: Link coloring ON on input line 9.

(/usr/share/texlive/texmf-dist/tex/latex/hyperref/nameref.sty
Package: nameref 2012/10/27 v2.43 Cross-referencing by name of section

(/usr/share/texlive/texmf-dist/tex/generic/oberdiek/gettitlestring.sty
Package: gettitlestring 2010/12/03 v1.4 Cleanup title references (HO)
)
\c@section@level=\count130
)
LaTeX Info: Redefining \ref on input line 9.
LaTeX Info: Redefining \pageref on input line 9.
LaTeX Info: Redefining \nameref on input line 9.

(./report.out) (./report.out)
\@outlinefile=\write4
\openout4 = `report.out'.


(/usr/share/texlive/texmf-dist/tex/latex/ucs/data/uni-4.def
File: uni-4.def 2013/05/13 UCS: Unicode data U+0400..U+04FF
)
LaTeX Font Info:    External font `cmex10' loaded for size
(Font)              <14.4> on input line 12.
LaTeX Font Info:    External font `cmex10' loaded for size
(Font)              <7> on input line 12.
Package babel Info: Redefining russian shorthand "|
(babel)             in language  on input line 12.
Package babel Info: Redefining russian shorthand "~
(babel)             in language  on input line 12.
Package babel Info: Redefining russian shorthand "|
(babel)             in language  on input line 12.
Package babel Info: Redefining russian shorthand "~
(babel)             in language  on input line 12.
 [1

<<<<<<< HEAD
{/var/lib/texmf/fonts/map/pdftex/updmap/pdftex.map}] (./report.toc
LaTeX Font Info:    External font `cmex10' loaded for size
<<<<<<< HEAD
(Font)              <12> on input line 3.
LaTeX Font Info:    External font `cmex10' loaded for size
(Font)              <8> on input line 3.
LaTeX Font Info:    External font `cmex10' loaded for size
(Font)              <6> on input line 3.
Package babel Info: Redefining russian shorthand "|
(babel)             in language  on input line 37.
Package babel Info: Redefining russian shorthand "~
(babel)             in language  on input line 37.
Package babel Info: Redefining russian shorthand "|
(babel)             in language  on input line 37.
Package babel Info: Redefining russian shorthand "~
(babel)             in language  on input line 37.
pdfTeX warning (ext4): destination with the same identifier (name{page.1}) has 
been already used, duplicate ignored
<to be read again> 
                   \relax 
l.37 ...rt }\IeC {\cyrery }}{19}{subsection.3.4.5}
                                                   [1

])
=======
(Font)              <12> on input line 4.
LaTeX Font Info:    External font `cmex10' loaded for size
(Font)              <8> on input line 4.
LaTeX Font Info:    External font `cmex10' loaded for size
(Font)              <6> on input line 4.
)
>>>>>>> –†–µ–ø–æ—Ä—Ç
=======
{/var/lib/texmf/fonts/map/pdftex/updmap/pdftex.map}] (./report.toc)
>>>>>>> Revert "–†–µ–ø–æ—Ä—Ç"
\tf@toc=\write5
\openout5 = `report.toc'.

Package babel Info: Redefining russian shorthand "|
(babel)             in language  on input line 15.
Package babel Info: Redefining russian shorthand "~
(babel)             in language  on input line 15.
Package babel Info: Redefining russian shorthand "|
(babel)             in language  on input line 16.
Package babel Info: Redefining russian shorthand "~
(babel)             in language  on input line 16.
Package babel Info: Redefining russian shorthand "|
(babel)             in language  on input line 16.
Package babel Info: Redefining russian shorthand "~
(babel)             in language  on input line 16.
 [2]

Package hyperref Warning: Difference (2) between bookmark levels is greater 
(hyperref)                than one, level fixed on input line 20.

Package babel Info: Redefining russian shorthand "|
(babel)             in language  on input line 20.
Package babel Info: Redefining russian shorthand "~
(babel)             in language  on input line 20.
Package babel Info: Redefining russian shorthand "|
(babel)             in language  on input line 22.
Package babel Info: Redefining russian shorthand "~
(babel)             in language  on input line 22.
Package babel Info: Redefining russian shorthand "|
(babel)             in language  on input line 34.
Package babel Info: Redefining russian shorthand "~
(babel)             in language  on input line 34.
Package babel Info: Redefining russian shorthand "|
(babel)             in language  on input line 36.
Package babel Info: Redefining russian shorthand "~
(babel)             in language  on input line 36.
Package babel Info: Redefining russian shorthand "|
(babel)             in language  on input line 38.
Package babel Info: Redefining russian shorthand "~
(babel)             in language  on input line 38.
Package babel Info: Redefining russian shorthand "|
(babel)             in language  on input line 71.
Package babel Info: Redefining russian shorthand "~
(babel)             in language  on input line 71.
Package babel Info: Redefining russian shorthand "|
(babel)             in language  on input line 71.
Package babel Info: Redefining russian shorthand "~
(babel)             in language  on input line 71.
[3

]
<<<<<<< HEAD
{\cyrillictext \CYRG \cyrl \cyra \cyrv \cyra } 1.
Package babel Info: Redefining russian shorthand "|
(babel)             in language  on input line 71.
Package babel Info: Redefining russian shorthand "~
(babel)             in language  on input line 71.
Package babel Info: Redefining russian shorthand "|
(babel)             in language  on input line 72.
Package babel Info: Redefining russian shorthand "~
(babel)             in language  on input line 72.
Package babel Info: Redefining russian shorthand "|
(babel)             in language  on input line 73.
Package babel Info: Redefining russian shorthand "~
(babel)             in language  on input line 73.
<<<<<<< HEAD
<static/ER_diagram_field.png, id=238, 462.72874pt x 201.75375pt>
=======
<static/ER_diagram_field.png, id=184, 462.72874pt x 201.75375pt>
>>>>>>> –†–µ–ø–æ—Ä—Ç
=======
<static/ER_diagram_field.png, id=44, 462.72874pt x 201.75375pt>
>>>>>>> Revert "–†–µ–ø–æ—Ä—Ç"
File: static/ER_diagram_field.png Graphic file (type png)

<use static/ER_diagram_field.png>
Package pdftex.def Info: static/ER_diagram_field.png used on input line 85.
(pdftex.def)             Requested size: 483.69684pt x 210.89949pt.
Package babel Info: Redefining russian shorthand "|
(babel)             in language  on input line 100.
Package babel Info: Redefining russian shorthand "~
(babel)             in language  on input line 100.
Package babel Info: Redefining russian shorthand "|
(babel)             in language  on input line 100.
Package babel Info: Redefining russian shorthand "~
<<<<<<< HEAD
(babel)             in language  on input line 98.
<<<<<<< HEAD
 [4
=======
[3
>>>>>>> –†–µ–ø–æ—Ä—Ç
=======
(babel)             in language  on input line 100.
 [3
>>>>>>> Revert "–†–µ–ø–æ—Ä—Ç"

]
(/usr/share/texlive/texmf-dist/tex/latex/ucs/data/uni-32.def
File: uni-32.def 2013/05/13 UCS: Unicode data U+2000..U+20FF
)
Package babel Info: Redefining russian shorthand "|
(babel)             in language  on input line 113.
Package babel Info: Redefining russian shorthand "~
(babel)             in language  on input line 113.
Package babel Info: Redefining russian shorthand "|
(babel)             in language  on input line 113.
Package babel Info: Redefining russian shorthand "~
(babel)             in language  on input line 113.
<<<<<<< HEAD
<<<<<<< HEAD
 [5 <./static/ER_diagram_field.png>]
=======
 [4 <./static/ER_diagram_field.png>]
>>>>>>> –†–µ–ø–æ—Ä—Ç
{\cyrillictext \CYRG \cyrl \cyra \cyrv \cyra } 2.
Package babel Info: Redefining russian shorthand "|
(babel)             in language  on input line 113.
Package babel Info: Redefining russian shorthand "~
(babel)             in language  on input line 113.
Package babel Info: Redefining russian shorthand "|
(babel)             in language  on input line 115.
Package babel Info: Redefining russian shorthand "~
(babel)             in language  on input line 115.
Package babel Info: Redefining russian shorthand "|
(babel)             in language  on input line 117.
Package babel Info: Redefining russian shorthand "~
(babel)             in language  on input line 117.
<<<<<<< HEAD
<static/server_dot.pdf, id=251, 2027.07214pt x 310.14772pt>
=======
<static/server_dot.pdf, id=197, 2027.07214pt x 310.14772pt>
>>>>>>> –†–µ–ø–æ—Ä—Ç
=======
 [4 <./static/ER_diagram_field.png>] <static/server_dot.pdf, id=62, 2027.07214p
t x 310.14772pt>
>>>>>>> Revert "–†–µ–ø–æ—Ä—Ç"
File: static/server_dot.pdf Graphic file (type pdf)

<use static/server_dot.pdf>
Package pdftex.def Info: static/server_dot.pdf used on input line 123.
(pdftex.def)             Requested size: 483.69684pt x 74.0063pt.
<<<<<<< HEAD
Package babel Info: Redefining russian shorthand "|
<<<<<<< HEAD
(babel)             in language  on input line 128.
Package babel Info: Redefining russian shorthand "~
(babel)             in language  on input line 128.
Package babel Info: Redefining russian shorthand "|
(babel)             in language  on input line 141.
Package babel Info: Redefining russian shorthand "~
(babel)             in language  on input line 141.

<static/Server_Class_Diagram.png, id=252, 854.19125pt x 482.80376pt>
=======
(babel)             in language  on input line 141.
Package babel Info: Redefining russian shorthand "~
(babel)             in language  on input line 141.
<static/Server_Class_Diagram.png, id=198, 854.19125pt x 482.80376pt>
>>>>>>> –†–µ–ø–æ—Ä—Ç
=======

<static/Server_Class_Diagram.png, id=63, 854.19125pt x 482.80376pt>
>>>>>>> Revert "–†–µ–ø–æ—Ä—Ç"
File: static/Server_Class_Diagram.png Graphic file (type png)

<use static/Server_Class_Diagram.png>
Package pdftex.def Info: static/Server_Class_Diagram.png used on input line 146
.
(pdftex.def)             Requested size: 483.69684pt x 273.38872pt.
<<<<<<< HEAD
<<<<<<< HEAD
Package babel Info: Redefining russian shorthand "|
(babel)             in language  on input line 149.
Package babel Info: Redefining russian shorthand "~
(babel)             in language  on input line 149.
Package babel Info: Redefining russian shorthand "|
(babel)             in language  on input line 149.
Package babel Info: Redefining russian shorthand "~
(babel)             in language  on input line 149.
 [6

 <./static/server_dot.pdf>]
<static/Physical_data.png, id=274, 593.21625pt x 201.75375pt>
=======

<static/Physical_data.png, id=64, 593.21625pt x 201.75375pt>
>>>>>>> Revert "–†–µ–ø–æ—Ä—Ç"
File: static/Physical_data.png Graphic file (type png)

<use static/Physical_data.png>
Package pdftex.def Info: static/Physical_data.png used on input line 153.
(pdftex.def)             Requested size: 483.69684pt x 164.5125pt.
<<<<<<< HEAD
Package babel Info: Redefining russian shorthand "|
(babel)             in language  on input line 159.
Package babel Info: Redefining russian shorthand "~
(babel)             in language  on input line 159.
Package babel Info: Redefining russian shorthand "|
(babel)             in language  on input line 163.
Package babel Info: Redefining russian shorthand "~
(babel)             in language  on input line 163.
Package babel Info: Redefining russian shorthand "|
(babel)             in language  on input line 163.
Package babel Info: Redefining russian shorthand "~
(babel)             in language  on input line 163.
 [7 <./static/Server_Class_Diagram.png> <./static/Physical_data.png>]
Package babel Info: Redefining russian shorthand "|
(babel)             in language  on input line 175.
Package babel Info: Redefining russian shorthand "~
(babel)             in language  on input line 175.
LaTeX Font Info:    Try loading font information for T2A+cmtt on input line 176
.

(/usr/share/texlive/texmf-dist/tex/latex/cyrillic/t2acmtt.fd
File: t2acmtt.fd 2001/08/11 v1.0a Computer Modern Cyrillic font definitions
)
Package babel Info: Redefining russian shorthand "|
(babel)             in language  on input line 209.
Package babel Info: Redefining russian shorthand "~
(babel)             in language  on input line 209.
Package babel Info: Redefining russian shorthand "|
(babel)             in language  on input line 209.
Package babel Info: Redefining russian shorthand "~
(babel)             in language  on input line 209.
 [8]
Overfull \hbox (108.95844pt too wide) in paragraph at lines 209--209
[]\T2A/cmtt/m/n/12 \> \> ”‰‡ÎËÚ¸ ËÁ ÒÔËÒÍ‡ ÍÎËÂÌÚÒÍËı ÒÓÍÂÚÓ‚ ÔÓˆÂÒÒ‡ ÒÓÍÂÚ˚ Ò
 ÒÓÒÚÓˇÌËÂÏ "SOCKET_STATE_CLOSED" \\[] 
 []
=======
=======
>>>>>>> Revert "–†–µ–ø–æ—Ä—Ç"
Package babel Info: Redefining russian shorthand "|
(babel)             in language  on input line 162.
Package babel Info: Redefining russian shorthand "~
(babel)             in language  on input line 162.
Package babel Info: Redefining russian shorthand "|
(babel)             in language  on input line 162.
Package babel Info: Redefining russian shorthand "~
(babel)             in language  on input line 162.
 [5

 <./static/server_dot.pdf>]
Package babel Info: Redefining russian shorthand "|
(babel)             in language  on input line 162.
Package babel Info: Redefining russian shorthand "~
(babel)             in language  on input line 162.
Package babel Info: Redefining russian shorthand "|
(babel)             in language  on input line 162.
Package babel Info: Redefining russian shorthand "~
(babel)             in language  on input line 162.
 [6 <./static/Server_Class_Diagram.png> <./static/Physical_data.png>]
Package babel Info: Redefining russian shorthand "|
(babel)             in language  on input line 171.
Package babel Info: Redefining russian shorthand "~
(babel)             in language  on input line 171.
Package babel Info: Redefining russian shorthand "|
(babel)             in language  on input line 171.
Package babel Info: Redefining russian shorthand "~
(babel)             in language  on input line 171.
 [7]
! Missing $ inserted.
<inserted text> 
                $
l.178 \> –ü–û–ö–ê (–ø—Ä–æ—Ü–µ—Å—Å_
                                  —Ä–∞–±–æ—Ç–∞–µ—Ç == 1) \\
I've inserted a begin-math/end-math symbol since I think
you left one out. Proceed, with fingers crossed.

LaTeX Font Info:    External font `cmex10' loaded for size
(Font)              <12> on input line 178.
LaTeX Font Info:    External font `cmex10' loaded for size
(Font)              <8> on input line 178.
LaTeX Font Info:    External font `cmex10' loaded for size
(Font)              <6> on input line 178.
! Missing { inserted.
<to be read again> 
                   \begingroup 
l.178 \> –ü–û–ö–ê (–ø—Ä–æ—Ü–µ—Å—Å_—Ä
                                    –∞–±–æ—Ç–∞–µ—Ç == 1) \\
A left brace was mandatory here, so I've put one in.
You might want to delete and/or insert some corrections
so that I will find a matching right brace soon.
(If you're confused by all this, try typing `I}' now.)


LaTeX Warning: Command \cyrr invalid in math mode on input line 178.


LaTeX Warning: Command \cyra invalid in math mode on input line 178.


LaTeX Warning: Command \cyrb invalid in math mode on input line 178.


LaTeX Warning: Command \cyro invalid in math mode on input line 178.


LaTeX Warning: Command \cyrt invalid in math mode on input line 178.


LaTeX Warning: Command \cyra invalid in math mode on input line 178.


LaTeX Warning: Command \cyre invalid in math mode on input line 178.


LaTeX Warning: Command \cyrt invalid in math mode on input line 178.

! Missing $ inserted.
<inserted text> 
                $
l.178 ...(–ø—Ä–æ—Ü–µ—Å—Å_—Ä–∞–±–æ—Ç–∞–µ—Ç == 1) \\
                                                  
I've inserted a begin-math/end-math symbol since I think
you left one out. Proceed, with fingers crossed.

! Missing } inserted.
<inserted text> 
                }
l.178 ...(–ø—Ä–æ—Ü–µ—Å—Å_—Ä–∞–±–æ—Ç–∞–µ—Ç == 1) \\
                                                  
I've inserted something that you may have forgotten.
(See the <inserted text> above.)
With luck, this will get me unwedged. But if you
really didn't forget anything, try typing `2' now; then
my insertion and my current dilemma will both disappear.

Missing character: There is no  in font cmr8!
Missing character: There is no ‡ in font cmr8!
Missing character: There is no · in font cmr8!
Missing character: There is no Ó in font cmr8!
Missing character: There is no Ú in font cmr8!
Missing character: There is no ‡ in font cmr8!
Missing character: There is no Â in font cmr8!
Missing character: There is no Ú in font cmr8!
! Missing $ inserted.
<inserted text> 
                $
l.179 ...–∫–µ—Ç—ã —Å —Å–æ—Å—Ç–æ—è–Ω–∏–µ–º "SOCKET_
                                                  STATE_CLOSED" \\
I've inserted a begin-math/end-math symbol since I think
you left one out. Proceed, with fingers crossed.

! Missing $ inserted.
<inserted text> 
                $
l.179 ...—Å—Ç–æ—è–Ω–∏–µ–º "SOCKET_STATE_CLOSED" \\
                                                  
I've inserted a begin-math/end-math symbol since I think
you left one out. Proceed, with fingers crossed.

! Missing $ inserted.
<inserted text> 
                $
l.185 \> \> –ï–°–õ–ò (–∫–æ–ª–∏—á–µ—Å—Ç–≤–æ_
                                           —Å–≤–æ–±–æ–¥–Ω—ã—Ö_—Å–æ–∫–µ—Ç–æ–≤...
I've inserted a begin-math/end-math symbol since I think
you left one out. Proceed, with fingers crossed.

! Missing { inserted.
<to be read again> 
                   \begingroup 
l.185 \> \> –ï–°–õ–ò (–∫–æ–ª–∏—á–µ—Å—Ç–≤–æ_—Å
                                             –≤–æ–±–æ–¥–Ω—ã—Ö_—Å–æ–∫–µ—Ç–æ–≤...
A left brace was mandatory here, so I've put one in.
You might want to delete and/or insert some corrections
so that I will find a matching right brace soon.
(If you're confused by all this, try typing `I}' now.)


LaTeX Warning: Command \cyrs invalid in math mode on input line 185.


LaTeX Warning: Command \cyrv invalid in math mode on input line 185.


LaTeX Warning: Command \cyro invalid in math mode on input line 185.


LaTeX Warning: Command \cyrb invalid in math mode on input line 185.


LaTeX Warning: Command \cyro invalid in math mode on input line 185.


LaTeX Warning: Command \cyrd invalid in math mode on input line 185.


LaTeX Warning: Command \cyrn invalid in math mode on input line 185.


LaTeX Warning: Command \cyrery invalid in math mode on input line 185.


LaTeX Warning: Command \cyrh invalid in math mode on input line 185.

! Missing { inserted.
<to be read again> 
                   \begingroup 
l.185 ...∫–æ–ª–∏—á–µ—Å—Ç–≤–æ_—Å–≤–æ–±–æ–¥–Ω—ã—Ö_—Å
                                                  –æ–∫–µ—Ç–æ–≤ == 0) –¢–û \\
A left brace was mandatory here, so I've put one in.
You might want to delete and/or insert some corrections
so that I will find a matching right brace soon.
(If you're confused by all this, try typing `I}' now.)


LaTeX Warning: Command \cyrs invalid in math mode on input line 185.


LaTeX Warning: Command \cyro invalid in math mode on input line 185.


LaTeX Warning: Command \cyrk invalid in math mode on input line 185.


LaTeX Warning: Command \cyre invalid in math mode on input line 185.


LaTeX Warning: Command \cyrt invalid in math mode on input line 185.


LaTeX Warning: Command \cyro invalid in math mode on input line 185.


LaTeX Warning: Command \cyrv invalid in math mode on input line 185.


LaTeX Warning: Command \CYRT invalid in math mode on input line 185.


LaTeX Warning: Command \CYRO invalid in math mode on input line 185.

! Missing $ inserted.
<inserted text> 
                $
l.185 ...–±–æ–¥–Ω—ã—Ö_—Å–æ–∫–µ—Ç–æ–≤ == 0) –¢–û \\
                                                  
I've inserted a begin-math/end-math symbol since I think
you left one out. Proceed, with fingers crossed.

! Missing } inserted.
<inserted text> 
                }
l.185 ...–±–æ–¥–Ω—ã—Ö_—Å–æ–∫–µ—Ç–æ–≤ == 0) –¢–û \\
                                                  
I've inserted something that you may have forgotten.
(See the <inserted text> above.)
With luck, this will get me unwedged. But if you
really didn't forget anything, try typing `2' now; then
my insertion and my current dilemma will both disappear.

! Missing } inserted.
<inserted text> 
                }
l.185 ...–±–æ–¥–Ω—ã—Ö_—Å–æ–∫–µ—Ç–æ–≤ == 0) –¢–û \\
                                                  
I've inserted something that you may have forgotten.
(See the <inserted text> above.)
With luck, this will get me unwedged. But if you
really didn't forget anything, try typing `2' now; then
my insertion and my current dilemma will both disappear.

Missing character: There is no Ò in font cmr8!
Missing character: There is no ‚ in font cmr8!
Missing character: There is no Ó in font cmr8!
Missing character: There is no · in font cmr8!
Missing character: There is no Ó in font cmr8!
Missing character: There is no ‰ in font cmr8!
Missing character: There is no Ì in font cmr8!
Missing character: There is no ˚ in font cmr8!
Missing character: There is no ı in font cmr8!
Missing character: There is no Ò in font cmr6!
Missing character: There is no Ó in font cmr6!
Missing character: There is no Í in font cmr6!
Missing character: There is no Â in font cmr6!
Missing character: There is no Ú in font cmr6!
Missing character: There is no Ó in font cmr6!
Missing character: There is no ‚ in font cmr6!
Missing character: There is no “ in font cmr6!
Missing character: There is no Œ in font cmr6!
! Missing $ inserted.
<inserted text> 
                $
l.186 ...–æ–∫–µ—Ç—ã –≤ —Å–æ—Å—Ç–æ—è–Ω–∏–µ "SOCKET_
                                                  STATE_CLOSED" \\
I've inserted a begin-math/end-math symbol since I think
you left one out. Proceed, with fingers crossed.

! Missing $ inserted.
<inserted text> 
                $
l.186 ...–æ—Å—Ç–æ—è–Ω–∏–µ "SOCKET_STATE_CLOSED" \\
                                                  
I've inserted a begin-math/end-math symbol since I think
you left one out. Proceed, with fingers crossed.

! Missing $ inserted.
<inserted text> 
                $
l.191 \> \> \> \> \> –ø—Ä–æ—Ü–µ—Å—Å_
                                    —Ä–∞–±–æ—Ç–∞–µ—Ç = 0 \\
I've inserted a begin-math/end-math symbol since I think
you left one out. Proceed, with fingers crossed.

! Missing { inserted.
<to be read again> 
                   \begingroup 
l.191 \> \> \> \> \> –ø—Ä–æ—Ü–µ—Å—Å_—Ä
                                      –∞–±–æ—Ç–∞–µ—Ç = 0 \\
A left brace was mandatory here, so I've put one in.
You might want to delete and/or insert some corrections
so that I will find a matching right brace soon.
(If you're confused by all this, try typing `I}' now.)


LaTeX Warning: Command \cyrr invalid in math mode on input line 191.


LaTeX Warning: Command \cyra invalid in math mode on input line 191.


LaTeX Warning: Command \cyrb invalid in math mode on input line 191.


LaTeX Warning: Command \cyro invalid in math mode on input line 191.


LaTeX Warning: Command \cyrt invalid in math mode on input line 191.


LaTeX Warning: Command \cyra invalid in math mode on input line 191.


LaTeX Warning: Command \cyre invalid in math mode on input line 191.


LaTeX Warning: Command \cyrt invalid in math mode on input line 191.

! Missing $ inserted.
<inserted text> 
                $
l.191 ...\> –ø—Ä–æ—Ü–µ—Å—Å_—Ä–∞–±–æ—Ç–∞–µ—Ç = 0 \\
                                                  
I've inserted a begin-math/end-math symbol since I think
you left one out. Proceed, with fingers crossed.

! Missing } inserted.
<inserted text> 
                }
l.191 ...\> –ø—Ä–æ—Ü–µ—Å—Å_—Ä–∞–±–æ—Ç–∞–µ—Ç = 0 \\
                                                  
I've inserted something that you may have forgotten.
(See the <inserted text> above.)
With luck, this will get me unwedged. But if you
really didn't forget anything, try typing `2' now; then
my insertion and my current dilemma will both disappear.
>>>>>>> –†–µ–ø–æ—Ä—Ç


Overfull \hbox (108.95844pt too wide) in paragraph at lines 209--209
[]\T2A/cmtt/m/n/12 \> \> \> Œ·‡·ÓÚ‡Ú¸ Ú‡ÈÏ‡ÛÚ, ÔÂÂ‚Â‰ˇ ‚ÒÂ ÍÎËÂÌÚÒÍËÂ ÒÓÍÂÚ˚ 
‚ ÒÓÒÚÓˇÌËÂ "SOCKET_STATE_CLOSED" \\[] 
 []

<<<<<<< HEAD
<<<<<<< HEAD
Package babel Info: Redefining russian shorthand "|
(babel)             in language  on input line 210.
Package babel Info: Redefining russian shorthand "~
(babel)             in language  on input line 210.
<static/ClientDiagram_Final.jpg, id=288, 834.11626pt x 2050.66125pt>
=======
<static/ClientDiagram_Final.jpg, id=105, 834.11626pt x 2050.66125pt>
>>>>>>> Revert "–†–µ–ø–æ—Ä—Ç"
File: static/ClientDiagram_Final.jpg Graphic file (type jpg)

<use static/ClientDiagram_Final.jpg>
Package pdftex.def Info: static/ClientDiagram_Final.jpg used on input line 216.

(pdftex.def)             Requested size: 277.75381pt x 682.86613pt.


LaTeX Warning: Float too large for page by 26.83276pt on input line 219.

<<<<<<< HEAD
Package babel Info: Redefining russian shorthand "|
(babel)             in language  on input line 223.
Package babel Info: Redefining russian shorthand "~
(babel)             in language  on input line 223.
Package babel Info: Redefining russian shorthand "|
(babel)             in language  on input line 227.
Package babel Info: Redefining russian shorthand "~
(babel)             in language  on input line 227.
Package babel Info: Redefining russian shorthand "|
(babel)             in language  on input line 227.
Package babel Info: Redefining russian shorthand "~
(babel)             in language  on input line 227.
[9]
Package babel Info: Redefining russian shorthand "|
(babel)             in language  on input line 227.
Package babel Info: Redefining russian shorthand "~
(babel)             in language  on input line 227.
Package babel Info: Redefining russian shorthand "|
(babel)             in language  on input line 227.
Package babel Info: Redefining russian shorthand "~
(babel)             in language  on input line 227.
 [10 <./static/ClientDiagram_Final.jpg>]
=======
=======
>>>>>>> Revert "–†–µ–ø–æ—Ä—Ç"
Package babel Info: Redefining russian shorthand "|
(babel)             in language  on input line 219.
Package babel Info: Redefining russian shorthand "~
(babel)             in language  on input line 219.
Package babel Info: Redefining russian shorthand "|
(babel)             in language  on input line 219.
Package babel Info: Redefining russian shorthand "~
(babel)             in language  on input line 219.
[8]
Package babel Info: Redefining russian shorthand "|
(babel)             in language  on input line 253.
Package babel Info: Redefining russian shorthand "~
(babel)             in language  on input line 253.
Package babel Info: Redefining russian shorthand "|
(babel)             in language  on input line 253.
Package babel Info: Redefining russian shorthand "~
(babel)             in language  on input line 253.
 [9]
>>>>>>> –†–µ–ø–æ—Ä—Ç
Package babel Info: Redefining russian shorthand "|
(babel)             in language  on input line 253.
Package babel Info: Redefining russian shorthand "~
(babel)             in language  on input line 253.
Package babel Info: Redefining russian shorthand "|
(babel)             in language  on input line 253.
Package babel Info: Redefining russian shorthand "~
<<<<<<< HEAD
<<<<<<< HEAD
(babel)             in language  on input line 253.
 [11]
=======
(babel)             in language  on input line 248.
Package babel Info: Redefining russian shorthand "|
(babel)             in language  on input line 252.
Package babel Info: Redefining russian shorthand "~
(babel)             in language  on input line 252.
>>>>>>> –†–µ–ø–æ—Ä—Ç
=======
(babel)             in language  on input line 253.
 [10 <./static/ClientDiagram_Final.jpg>]
>>>>>>> Revert "–†–µ–ø–æ—Ä—Ç"
Package babel Info: Redefining russian shorthand "|
(babel)             in language  on input line 254.
Package babel Info: Redefining russian shorthand "~
(babel)             in language  on input line 254.
Package babel Info: Redefining russian shorthand "|
(babel)             in language  on input line 258.
Package babel Info: Redefining russian shorthand "~
(babel)             in language  on input line 258.
Package babel Info: Redefining russian shorthand "|
(babel)             in language  on input line 262.
Package babel Info: Redefining russian shorthand "~
(babel)             in language  on input line 262.
<<<<<<< HEAD
<<<<<<< HEAD
Package babel Info: Redefining russian shorthand "|
(babel)             in language  on input line 266.
Package babel Info: Redefining russian shorthand "~
(babel)             in language  on input line 266.
Package babel Info: Redefining russian shorthand "|
(babel)             in language  on input line 266.
Package babel Info: Redefining russian shorthand "~
(babel)             in language  on input line 266.
 [12]
Package babel Info: Redefining russian shorthand "|
(babel)             in language  on input line 277.
Package babel Info: Redefining russian shorthand "~
(babel)             in language  on input line 277.
Package babel Info: Redefining russian shorthand "|
(babel)             in language  on input line 293.
Package babel Info: Redefining russian shorthand "~
(babel)             in language  on input line 293.
Package babel Info: Redefining russian shorthand "|
(babel)             in language  on input line 293.
Package babel Info: Redefining russian shorthand "~
(babel)             in language  on input line 293.
 [13]
Package babel Info: Redefining russian shorthand "|
(babel)             in language  on input line 293.
Package babel Info: Redefining russian shorthand "~
(babel)             in language  on input line 293.
=======
 [10]
=======
 [11]
>>>>>>> Revert "–†–µ–ø–æ—Ä—Ç"
Package babel Info: Redefining russian shorthand "|
(babel)             in language  on input line 292.
Package babel Info: Redefining russian shorthand "~
(babel)             in language  on input line 292.
Package babel Info: Redefining russian shorthand "|
(babel)             in language  on input line 292.
Package babel Info: Redefining russian shorthand "~
<<<<<<< HEAD
(babel)             in language  on input line 285.
 [11]
<static/ClientDiagram_Final.jpg, id=264, 834.11626pt x 2050.66125pt>
>>>>>>> –†–µ–ø–æ—Ä—Ç
=======
(babel)             in language  on input line 292.
 [12]
>>>>>>> Revert "–†–µ–ø–æ—Ä—Ç"
File: static/ClientDiagram_Final.jpg Graphic file (type jpg)

<use static/ClientDiagram_Final.jpg>
Package pdftex.def Info: static/ClientDiagram_Final.jpg used on input line 298.

(pdftex.def)             Requested size: 277.75381pt x 682.86613pt.


LaTeX Warning: Float too large for page by 26.44397pt on input line 301.

Package babel Info: Redefining russian shorthand "|
<<<<<<< HEAD
<<<<<<< HEAD
(babel)             in language  on input line 306.
Package babel Info: Redefining russian shorthand "~
(babel)             in language  on input line 306.
Package babel Info: Redefining russian shorthand "|
(babel)             in language  on input line 327.
Package babel Info: Redefining russian shorthand "~
(babel)             in language  on input line 327.
Package babel Info: Redefining russian shorthand "|
(babel)             in language  on input line 327.
Package babel Info: Redefining russian shorthand "~
(babel)             in language  on input line 327.
[14]
=======
(babel)             in language  on input line 296.
Package babel Info: Redefining russian shorthand "~
(babel)             in language  on input line 296.
Package babel Info: Redefining russian shorthand "|
(babel)             in language  on input line 317.
Package babel Info: Redefining russian shorthand "~
(babel)             in language  on input line 317.
Package babel Info: Redefining russian shorthand "|
(babel)             in language  on input line 317.
Package babel Info: Redefining russian shorthand "~
(babel)             in language  on input line 317.
[12]
Package babel Info: Redefining russian shorthand "|
(babel)             in language  on input line 317.
Package babel Info: Redefining russian shorthand "~
(babel)             in language  on input line 317.
Package babel Info: Redefining russian shorthand "|
(babel)             in language  on input line 317.
Package babel Info: Redefining russian shorthand "~
(babel)             in language  on input line 317.
 [13 <./static/ClientDiagram_Final.jpg>]
{\cyrillictext \CYRG \cyrl \cyra \cyrv \cyra } 3.
Package babel Info: Redefining russian shorthand "|
(babel)             in language  on input line 317.
Package babel Info: Redefining russian shorthand "~
(babel)             in language  on input line 317.
>>>>>>> –†–µ–ø–æ—Ä—Ç
=======
(babel)             in language  on input line 327.
Package babel Info: Redefining russian shorthand "~
(babel)             in language  on input line 327.
>>>>>>> Revert "–†–µ–ø–æ—Ä—Ç"
Package babel Info: Redefining russian shorthand "|
(babel)             in language  on input line 327.
Package babel Info: Redefining russian shorthand "~
<<<<<<< HEAD
<<<<<<< HEAD
(babel)             in language  on input line 327.
=======
(babel)             in language  on input line 319.
>>>>>>> –†–µ–ø–æ—Ä—Ç
=======
(babel)             in language  on input line 327.
[13]
>>>>>>> Revert "–†–µ–ø–æ—Ä—Ç"
Package babel Info: Redefining russian shorthand "|
(babel)             in language  on input line 327.
Package babel Info: Redefining russian shorthand "~
<<<<<<< HEAD
<<<<<<< HEAD
(babel)             in language  on input line 327.
 [15]
{\cyrillictext \CYRG \cyrl \cyra \cyrv \cyra } 3.
=======
(babel)             in language  on input line 329.
>>>>>>> –†–µ–ø–æ—Ä—Ç
=======
(babel)             in language  on input line 327.
>>>>>>> Revert "–†–µ–ø–æ—Ä—Ç"
Package babel Info: Redefining russian shorthand "|
(babel)             in language  on input line 327.
Package babel Info: Redefining russian shorthand "~
<<<<<<< HEAD
<<<<<<< HEAD
(babel)             in language  on input line 327.
Package babel Info: Redefining russian shorthand "|
(babel)             in language  on input line 329.
Package babel Info: Redefining russian shorthand "~
(babel)             in language  on input line 329.
Package babel Info: Redefining russian shorthand "|
(babel)             in language  on input line 339.
Package babel Info: Redefining russian shorthand "~
(babel)             in language  on input line 339.
Package babel Info: Redefining russian shorthand "|
(babel)             in language  on input line 341.
Package babel Info: Redefining russian shorthand "~
(babel)             in language  on input line 341.
LaTeX Font Info:    External font `cmex10' loaded for size
(Font)              <5> on input line 343.
<include/scflow01_dot.pdf, id=334, 571.99194pt x 288.16156pt>
=======
(babel)             in language  on input line 331.
LaTeX Font Info:    External font `cmex10' loaded for size
(Font)              <5> on input line 333.
<include/scflow01_dot.pdf, id=279, 571.99194pt x 288.16156pt>
>>>>>>> –†–µ–ø–æ—Ä—Ç
=======
(babel)             in language  on input line 327.
 [14]
LaTeX Font Info:    External font `cmex10' loaded for size
(Font)              <5> on input line 343.
 <include/scflow01_dot.pdf, id=164, 571.99194pt x 288.16156pt>
>>>>>>> Revert "–†–µ–ø–æ—Ä—Ç"
File: include/scflow01_dot.pdf Graphic file (type pdf)

<use include/scflow01_dot.pdf>
Package pdftex.def Info: include/scflow01_dot.pdf used on input line 348.
(pdftex.def)             Requested size: 483.69684pt x 243.68533pt.
<<<<<<< HEAD
<<<<<<< HEAD

<include/scflow02_dot.pdf, id=335, 752.8035pt x 586.92773pt>
=======
<include/scflow02_dot.pdf, id=280, 752.8035pt x 586.92773pt>
>>>>>>> –†–µ–ø–æ—Ä—Ç
=======

<include/scflow02_dot.pdf, id=165, 752.8035pt x 586.92773pt>
>>>>>>> Revert "–†–µ–ø–æ—Ä—Ç"
File: include/scflow02_dot.pdf Graphic file (type pdf)

<use include/scflow02_dot.pdf>
Package pdftex.def Info: include/scflow02_dot.pdf used on input line 355.
(pdftex.def)             Requested size: 483.69684pt x 377.11913pt.
<<<<<<< HEAD
Package babel Info: Redefining russian shorthand "|
<<<<<<< HEAD
(babel)             in language  on input line 363.
Package babel Info: Redefining russian shorthand "~
(babel)             in language  on input line 363.
Package babel Info: Redefining russian shorthand "|
(babel)             in language  on input line 365.
Package babel Info: Redefining russian shorthand "~
(babel)             in language  on input line 365.

<include/ccflow01_dot.pdf, id=336, 1020.23659pt x 574.90486pt>
=======
(babel)             in language  on input line 353.
Package babel Info: Redefining russian shorthand "~
(babel)             in language  on input line 353.
Package babel Info: Redefining russian shorthand "|
(babel)             in language  on input line 355.
Package babel Info: Redefining russian shorthand "~
(babel)             in language  on input line 355.
<include/ccflow01_dot.pdf, id=281, 1020.23659pt x 574.90486pt>
>>>>>>> –†–µ–ø–æ—Ä—Ç
=======

<include/ccflow01_dot.pdf, id=166, 1020.23659pt x 574.90486pt>
>>>>>>> Revert "–†–µ–ø–æ—Ä—Ç"
File: include/ccflow01_dot.pdf Graphic file (type pdf)

<use include/ccflow01_dot.pdf>
Package pdftex.def Info: include/ccflow01_dot.pdf used on input line 369.
(pdftex.def)             Requested size: 483.69684pt x 272.56508pt.
<<<<<<< HEAD
<<<<<<< HEAD

<include/ccflow02_dot.pdf, id=337, 686.6724pt x 653.43825pt>
=======
<include/ccflow02_dot.pdf, id=282, 686.6724pt x 653.43825pt>
>>>>>>> –†–µ–ø–æ—Ä—Ç
=======

<include/ccflow02_dot.pdf, id=167, 686.6724pt x 653.43825pt>
>>>>>>> Revert "–†–µ–ø–æ—Ä—Ç"
File: include/ccflow02_dot.pdf Graphic file (type pdf)

<use include/ccflow02_dot.pdf>
Package pdftex.def Info: include/ccflow02_dot.pdf used on input line 376.
(pdftex.def)             Requested size: 483.69684pt x 460.29514pt.
<<<<<<< HEAD
Package babel Info: Redefining russian shorthand "|
<<<<<<< HEAD
(babel)             in language  on input line 381.
Package babel Info: Redefining russian shorthand "~
(babel)             in language  on input line 381.
=======
(babel)             in language  on input line 371.
Package babel Info: Redefining russian shorthand "~
(babel)             in language  on input line 371.
LaTeX Font Info:    Try loading font information for T2A+cmtt on input line 374
=======
LaTeX Font Info:    Try loading font information for T2A+cmtt on input line 384
>>>>>>> Revert "–†–µ–ø–æ—Ä—Ç"
.

(/usr/share/texlive/texmf-dist/tex/latex/cyrillic/t2acmtt.fd
File: t2acmtt.fd 2001/08/11 v1.0a Computer Modern Cyrillic font definitions
)
>>>>>>> –†–µ–ø–æ—Ä—Ç
Package babel Info: Redefining russian shorthand "|
(babel)             in language  on input line 394.
Package babel Info: Redefining russian shorthand "~
(babel)             in language  on input line 394.
Package babel Info: Redefining russian shorthand "|
(babel)             in language  on input line 394.
Package babel Info: Redefining russian shorthand "~
<<<<<<< HEAD
<<<<<<< HEAD
(babel)             in language  on input line 394.
 [16

]
Package babel Info: Redefining russian shorthand "|
(babel)             in language  on input line 412.
Package babel Info: Redefining russian shorthand "~
(babel)             in language  on input line 412.
Package babel Info: Redefining russian shorthand "|
(babel)             in language  on input line 414.
Package babel Info: Redefining russian shorthand "~
(babel)             in language  on input line 414.
Package babel Info: Redefining russian shorthand "|
(babel)             in language  on input line 416.
Package babel Info: Redefining russian shorthand "~
(babel)             in language  on input line 416.
Package babel Info: Redefining russian shorthand "|
(babel)             in language  on input line 416.
Package babel Info: Redefining russian shorthand "~
(babel)             in language  on input line 416.
 [17 <./include/scflow01_dot.pdf>]
Package babel Info: Redefining russian shorthand "|
(babel)             in language  on input line 416.
Package babel Info: Redefining russian shorthand "~
(babel)             in language  on input line 416.
Package babel Info: Redefining russian shorthand "|
(babel)             in language  on input line 416.
Package babel Info: Redefining russian shorthand "~
(babel)             in language  on input line 416.
 [18 <./include/scflow02_dot.pdf>]
Package babel Info: Redefining russian shorthand "|
(babel)             in language  on input line 416.
Package babel Info: Redefining russian shorthand "~
(babel)             in language  on input line 416.

Overfull \hbox (238.60178pt too wide) in paragraph at lines 490--490
=======
(babel)             in language  on input line 384.
 [14
=======
(babel)             in language  on input line 394.
 [15
>>>>>>> Revert "–†–µ–ø–æ—Ä—Ç"

]
Package babel Info: Redefining russian shorthand "|
(babel)             in language  on input line 490.
Package babel Info: Redefining russian shorthand "~
(babel)             in language  on input line 490.
Package babel Info: Redefining russian shorthand "|
(babel)             in language  on input line 490.
Package babel Info: Redefining russian shorthand "~
(babel)             in language  on input line 490.
 [16 <./include/scflow01_dot.pdf>]
Package babel Info: Redefining russian shorthand "|
(babel)             in language  on input line 490.
Package babel Info: Redefining russian shorthand "~
(babel)             in language  on input line 490.
Package babel Info: Redefining russian shorthand "|
(babel)             in language  on input line 490.
Package babel Info: Redefining russian shorthand "~
<<<<<<< HEAD
(babel)             in language  on input line 406.
Package babel Info: Redefining russian shorthand "|
(babel)             in language  on input line 406.
Package babel Info: Redefining russian shorthand "~
(babel)             in language  on input line 406.
 [16 <./include/scflow02_dot.pdf>]
Overfull \hbox (238.60178pt too wide) in paragraph at lines 480--480
>>>>>>> –†–µ–ø–æ—Ä—Ç
=======
(babel)             in language  on input line 490.
 [17 <./include/scflow02_dot.pdf>]
Overfull \hbox (238.60178pt too wide) in paragraph at lines 490--490
>>>>>>> Revert "–†–µ–ø–æ—Ä—Ç"
[]  \T2A/cmtt/m/n/12 Test: handle_mail_incorrect_command ...Server: 0, MAIL: 45
0 Requested mail action not taken: mailbox unavailable \\[] 
 []


Overfull \hbox (238.60178pt too wide) in paragraph at lines 490--490
[]  \T2A/cmtt/m/n/12 Test: handle_rcpt_incorrect_command ...Server: 0, MAIL: 45
0 Requested mail action not taken: mailbox unavailable \\[] 
 []

Package babel Info: Redefining russian shorthand "|
(babel)             in language  on input line 490.
Package babel Info: Redefining russian shorthand "~
(babel)             in language  on input line 490.
Package babel Info: Redefining russian shorthand "|
(babel)             in language  on input line 490.
Package babel Info: Redefining russian shorthand "~
<<<<<<< HEAD
<<<<<<< HEAD
(babel)             in language  on input line 490.
[19 <./include/ccflow01_dot.pdf>]
=======
(babel)             in language  on input line 480.
[17 <./include/ccflow01_dot.pdf>]
>>>>>>> –†–µ–ø–æ—Ä—Ç
=======
(babel)             in language  on input line 490.
[18 <./include/ccflow01_dot.pdf>]
>>>>>>> Revert "–†–µ–ø–æ—Ä—Ç"
Package babel Info: Redefining russian shorthand "|
(babel)             in language  on input line 490.
Package babel Info: Redefining russian shorthand "~
(babel)             in language  on input line 490.
Package babel Info: Redefining russian shorthand "|
(babel)             in language  on input line 490.
Package babel Info: Redefining russian shorthand "~
<<<<<<< HEAD
<<<<<<< HEAD
(babel)             in language  on input line 490.
 [20 <./include/ccflow02_dot.pdf>]
Overfull \hbox (238.60178pt too wide) in paragraph at lines 490--490
=======
(babel)             in language  on input line 480.
 [18 <./include/ccflow02_dot.pdf>]
Overfull \hbox (238.60178pt too wide) in paragraph at lines 480--480
>>>>>>> –†–µ–ø–æ—Ä—Ç
[]  \T2A/cmtt/m/n/12 Test: handle_rcpt_incorrect_command ...Server: 0, MAIL: 45
0 Requested mail action not taken: mailbox unavailable \\[] 
 []


<<<<<<< HEAD
Overfull \hbox (16.35605pt too wide) in paragraph at lines 490--490
=======
Overfull \hbox (16.35605pt too wide) in paragraph at lines 480--480
>>>>>>> –†–µ–ø–æ—Ä—Ç
=======
(babel)             in language  on input line 490.
 [19 <./include/ccflow02_dot.pdf>]
Overfull \hbox (16.35605pt too wide) in paragraph at lines 490--490
>>>>>>> Revert "–†–µ–ø–æ—Ä—Ç"
[]\T2A/cmtt/m/n/12 Server: 0, RCPT: 451 Unable to complete command: number of r
ecipients exceeded \\[] 
 []


Overfull \hbox (47.22351pt too wide) in paragraph at lines 490--490
[]  \T2A/cmtt/m/n/12 Test: test_prepare_client_before_getting_data_no_reset ...
Server: 0, HELO: 252 Ok \\[] 
 []


Overfull \hbox (102.78494pt too wide) in paragraph at lines 490--490
[]  \T2A/cmtt/m/n/12 Test: handle_data_correct ...Server: 0, DATA: 354 Start ma
il input; end with <CRLF>.<CRLF> \\[] 
 []


Overfull \hbox (133.6524pt too wide) in paragraph at lines 490--490
[]  \T2A/cmtt/m/n/12 Test: handle_not_implemented_correct ...Server: 0, NOT_IMP
LEMENTED: 502 Command Not Implemented \\[] 
 []

Package babel Info: Redefining russian shorthand "|
(babel)             in language  on input line 490.
Package babel Info: Redefining russian shorthand "~
<<<<<<< HEAD
<<<<<<< HEAD
(babel)             in language  on input line 490.
[21]
Package babel Info: Redefining russian shorthand "|
(babel)             in language  on input line 491.
Package babel Info: Redefining russian shorthand "~
(babel)             in language  on input line 491.

Underfull \hbox (badness 10000) in paragraph at lines 492--493
=======
(babel)             in language  on input line 480.
[19]
=======
(babel)             in language  on input line 490.
>>>>>>> Revert "–†–µ–ø–æ—Ä—Ç"
Package babel Info: Redefining russian shorthand "|
(babel)             in language  on input line 490.
Package babel Info: Redefining russian shorthand "~
<<<<<<< HEAD
(babel)             in language  on input line 481.

Underfull \hbox (badness 10000) in paragraph at lines 482--483
>>>>>>> –†–µ–ø–æ—Ä—Ç
=======
(babel)             in language  on input line 490.
[20]
Underfull \hbox (badness 10000) in paragraph at lines 492--493
>>>>>>> Revert "–†–µ–ø–æ—Ä—Ç"

 []


Overfull \hbox (4.00906pt too wide) in paragraph at lines 571--571
[]\T2A/cmtt/m/n/12 ==6831== Reachable blocks (those to which a pointer was foun
d) are not shown.\\[] 
 []


Overfull \hbox (4.00906pt too wide) in paragraph at lines 571--571
[]\T2A/cmtt/m/n/12 ==6830== Reachable blocks (those to which a pointer was foun
d) are not shown.\\[] 
 []

Package babel Info: Redefining russian shorthand "|
(babel)             in language  on input line 571.
Package babel Info: Redefining russian shorthand "~
(babel)             in language  on input line 571.
Package babel Info: Redefining russian shorthand "|
(babel)             in language  on input line 571.
Package babel Info: Redefining russian shorthand "~
<<<<<<< HEAD
<<<<<<< HEAD
(babel)             in language  on input line 571.
[22]
Overfull \hbox (4.00906pt too wide) in paragraph at lines 571--571
=======
(babel)             in language  on input line 561.
[20]
Overfull \hbox (4.00906pt too wide) in paragraph at lines 561--561
>>>>>>> –†–µ–ø–æ—Ä—Ç
=======
(babel)             in language  on input line 571.
[21]
Overfull \hbox (4.00906pt too wide) in paragraph at lines 571--571
>>>>>>> Revert "–†–µ–ø–æ—Ä—Ç"
[]\T2A/cmtt/m/n/12 ==6833== Reachable blocks (those to which a pointer was foun
d) are not shown.\\[] 
 []


Overfull \hbox (4.00906pt too wide) in paragraph at lines 571--571
[]\T2A/cmtt/m/n/12 ==6832== Reachable blocks (those to which a pointer was foun
d) are not shown.\\[] 
 []

Package babel Info: Redefining russian shorthand "|
(babel)             in language  on input line 593.
Package babel Info: Redefining russian shorthand "~
<<<<<<< HEAD
<<<<<<< HEAD
(babel)             in language  on input line 593.
[23]
Package babel Info: Redefining russian shorthand "|
(babel)             in language  on input line 595.
Package babel Info: Redefining russian shorthand "~
(babel)             in language  on input line 595.

Overfull \hbox (22.52954pt too wide) in paragraph at lines 610--610
=======
(babel)             in language  on input line 583.
[21]
=======
(babel)             in language  on input line 593.
>>>>>>> Revert "–†–µ–ø–æ—Ä—Ç"
Package babel Info: Redefining russian shorthand "|
(babel)             in language  on input line 593.
Package babel Info: Redefining russian shorthand "~
<<<<<<< HEAD
(babel)             in language  on input line 585.

Overfull \hbox (22.52954pt too wide) in paragraph at lines 600--600
>>>>>>> –†–µ–ø–æ—Ä—Ç
=======
(babel)             in language  on input line 593.
[22]
Overfull \hbox (22.52954pt too wide) in paragraph at lines 610--610
>>>>>>> Revert "–†–µ–ø–æ—Ä—Ç"
[]    \T2A/cmtt/m/n/12 ==24216== Reachable blocks (those to which a pointer was
 found) are not shown.[] 
 []


Overfull \hbox (16.35605pt too wide) in paragraph at lines 610--610
[]    \T2A/cmtt/m/n/12 ==24216== Use --track-origins=yes to see where uninitial
ised values come from[] 
 []

<<<<<<< HEAD
Package babel Info: Redefining russian shorthand "|
<<<<<<< HEAD
(babel)             in language  on input line 612.
Package babel Info: Redefining russian shorthand "~
(babel)             in language  on input line 612.
=======
(babel)             in language  on input line 602.
Package babel Info: Redefining russian shorthand "~
(babel)             in language  on input line 602.
>>>>>>> –†–µ–ø–æ—Ä—Ç
=======
>>>>>>> Revert "–†–µ–ø–æ—Ä—Ç"

Overfull \hbox (257.12225pt too wide) in paragraph at lines 637--637
[]    \T2A/cmtt/m/n/12 11 Jan 2019 00:07:51 DEBUG org.subethamail.smtp.server.S
ession - Server: 220 samsung-np530u4c ESMTP SubEthaSMTP null[] 
 []


Overfull \hbox (121.30542pt too wide) in paragraph at lines 637--637
[]    \T2A/cmtt/m/n/12 11 Jan 2019 00:07:51 DEBUG org.subethamail.smtp.server.S
ession - Client: EHLO samsung-np530u4c[] 
 []


Overfull \hbox (115.13193pt too wide) in paragraph at lines 637--637
[]    \T2A/cmtt/m/n/12 11 Jan 2019 00:07:51 DEBUG org.subethamail.smtp.server.S
ession - Server: 250-samsung-np530u4c[] 
 []


Overfull \hbox (108.95844pt too wide) in paragraph at lines 637--637
[]    \T2A/cmtt/m/n/12 11 Jan 2019 00:07:58 DEBUG org.subethamail.smtp.server.S
ession - Client: MAIL FROM:<mail.ru>[] 
 []


Overfull \hbox (28.70303pt too wide) in paragraph at lines 637--637
[]    \T2A/cmtt/m/n/12 11 Jan 2019 00:07:58 DEBUG org.subethamail.smtp.server.S
ession - Server: 250 Ok[] 
 []


Overfull \hbox (158.34637pt too wide) in paragraph at lines 637--637
[]    \T2A/cmtt/m/n/12 11 Jan 2019 00:07:58 DEBUG org.subethamail.smtp.server.S
ession - Client: RCPT To: <samsung-np530u4c>[] 
 []


Overfull \hbox (28.70303pt too wide) in paragraph at lines 637--637
[]    \T2A/cmtt/m/n/12 11 Jan 2019 00:07:58 DEBUG org.subethamail.smtp.server.S
ession - Server: 250 Ok[] 
 []


Overfull \hbox (16.35605pt too wide) in paragraph at lines 637--637
[]    \T2A/cmtt/m/n/12 11 Jan 2019 00:08:01 DEBUG org.subethamail.smtp.server.S
ession - Client: DATA[] 
 []


Overfull \hbox (207.73431pt too wide) in paragraph at lines 637--637
[]    \T2A/cmtt/m/n/12 11 Jan 2019 00:08:01 DEBUG org.subethamail.smtp.server.S
ession - Server: 354 End data with <CR><LF>.<CR><LF>[] 
 []


Overfull \hbox (28.70303pt too wide) in paragraph at lines 637--637
[]    \T2A/cmtt/m/n/12 11 Jan 2019 00:08:02 DEBUG org.subethamail.smtp.server.S
ession - Server: 250 Ok[] 
 []


Overfull \hbox (108.95844pt too wide) in paragraph at lines 637--637
[]    \T2A/cmtt/m/n/12 11 Jan 2019 00:08:07 DEBUG org.subethamail.smtp.server.S
ession - Client: MAIL FROM:<mail.ru>[] 
 []

<<<<<<< HEAD
Package babel Info: Redefining russian shorthand "|
<<<<<<< HEAD
(babel)             in language  on input line 637.
Package babel Info: Redefining russian shorthand "~
(babel)             in language  on input line 637.
Package babel Info: Redefining russian shorthand "|
(babel)             in language  on input line 637.
Package babel Info: Redefining russian shorthand "~
(babel)             in language  on input line 637.
[24]
Overfull \hbox (28.70303pt too wide) in paragraph at lines 637--637
=======
(babel)             in language  on input line 627.
Package babel Info: Redefining russian shorthand "~
(babel)             in language  on input line 627.
Package babel Info: Redefining russian shorthand "|
(babel)             in language  on input line 627.
Package babel Info: Redefining russian shorthand "~
(babel)             in language  on input line 627.
[22]
Overfull \hbox (28.70303pt too wide) in paragraph at lines 627--627
>>>>>>> –†–µ–ø–æ—Ä—Ç
=======

Overfull \hbox (28.70303pt too wide) in paragraph at lines 637--637
>>>>>>> Revert "–†–µ–ø–æ—Ä—Ç"
[]    \T2A/cmtt/m/n/12 11 Jan 2019 00:08:07 DEBUG org.subethamail.smtp.server.S
ession - Server: 250 Ok[] 
 []


Overfull \hbox (158.34637pt too wide) in paragraph at lines 637--637
[]    \T2A/cmtt/m/n/12 11 Jan 2019 00:08:07 DEBUG org.subethamail.smtp.server.S
ession - Client: RCPT To: <samsung-np530u4c>[] 
 []


Overfull \hbox (28.70303pt too wide) in paragraph at lines 637--637
[]    \T2A/cmtt/m/n/12 11 Jan 2019 00:08:07 DEBUG org.subethamail.smtp.server.S
ession - Server: 250 Ok[] 
 []


Overfull \hbox (16.35605pt too wide) in paragraph at lines 637--637
[]    \T2A/cmtt/m/n/12 11 Jan 2019 00:08:08 DEBUG org.subethamail.smtp.server.S
ession - Client: DATA[] 
 []


Overfull \hbox (207.73431pt too wide) in paragraph at lines 637--637
[]    \T2A/cmtt/m/n/12 11 Jan 2019 00:08:08 DEBUG org.subethamail.smtp.server.S
ession - Server: 354 End data with <CR><LF>.<CR><LF>[] 
 []


Overfull \hbox (28.70303pt too wide) in paragraph at lines 637--637
[]    \T2A/cmtt/m/n/12 11 Jan 2019 00:08:10 DEBUG org.subethamail.smtp.server.S
ession - Server: 250 Ok[] 
 []

<<<<<<< HEAD

<<<<<<< HEAD
Overfull \hbox (16.35605pt too wide) in paragraph at lines 637--637
=======
Overfull \hbox (16.35605pt too wide) in paragraph at lines 627--627
>>>>>>> –†–µ–ø–æ—Ä—Ç
=======
Package babel Info: Redefining russian shorthand "|
(babel)             in language  on input line 637.
Package babel Info: Redefining russian shorthand "~
(babel)             in language  on input line 637.
Package babel Info: Redefining russian shorthand "|
(babel)             in language  on input line 637.
Package babel Info: Redefining russian shorthand "~
(babel)             in language  on input line 637.
[23]
Overfull \hbox (16.35605pt too wide) in paragraph at lines 637--637
>>>>>>> Revert "–†–µ–ø–æ—Ä—Ç"
[]    \T2A/cmtt/m/n/12 11 Jan 2019 00:08:17 DEBUG org.subethamail.smtp.server.S
ession - Client: QUIT[] 
 []


Overfull \hbox (34.87653pt too wide) in paragraph at lines 637--637
[]    \T2A/cmtt/m/n/12 11 Jan 2019 00:08:17 DEBUG org.subethamail.smtp.server.S
ession - Server: 221 Bye[] 
 []

Package babel Info: Redefining russian shorthand "|
(babel)             in language  on input line 641.
Package babel Info: Redefining russian shorthand "~
(babel)             in language  on input line 641.
Package babel Info: Redefining russian shorthand "|
(babel)             in language  on input line 642.
Package babel Info: Redefining russian shorthand "~
(babel)             in language  on input line 642.
Package babel Info: Redefining russian shorthand "|
(babel)             in language  on input line 642.
Package babel Info: Redefining russian shorthand "~
<<<<<<< HEAD
<<<<<<< HEAD
(babel)             in language  on input line 642.
[25]
{\cyrillictext \CYRG \cyrl \cyra \cyrv \cyra } 4.
Package babel Info: Redefining russian shorthand "|
(babel)             in language  on input line 642.
Package babel Info: Redefining russian shorthand "~
(babel)             in language  on input line 642.

Underfull \hbox (badness 10000) in paragraph at lines 644--645
=======
(babel)             in language  on input line 632.
[23]
Underfull \hbox (badness 10000) in paragraph at lines 634--635
>>>>>>> –†–µ–ø–æ—Ä—Ç
=======
(babel)             in language  on input line 642.
[24]
Underfull \hbox (badness 10000) in paragraph at lines 644--645
>>>>>>> Revert "–†–µ–ø–æ—Ä—Ç"

 []

Package atveryend Info: Empty hook `BeforeClearDocument' on input line 663.
Package babel Info: Redefining russian shorthand "|
(babel)             in language  on input line 663.
Package babel Info: Redefining russian shorthand "~
(babel)             in language  on input line 663.
Package babel Info: Redefining russian shorthand "|
(babel)             in language  on input line 663.
Package babel Info: Redefining russian shorthand "~
<<<<<<< HEAD
<<<<<<< HEAD
(babel)             in language  on input line 663.
[26
=======
(babel)             in language  on input line 653.
[24
>>>>>>> –†–µ–ø–æ—Ä—Ç
=======
(babel)             in language  on input line 663.
[25
>>>>>>> Revert "–†–µ–ø–æ—Ä—Ç"

]
Package atveryend Info: Empty hook `AfterLastShipout' on input line 663.
 (./report.aux)
Package atveryend Info: Executing hook `AtVeryEndDocument' on input line 663.
Package atveryend Info: Executing hook `AtEndAfterFileList' on input line 663.
Package rerunfilecheck Info: File `report.out' has not changed.
<<<<<<< HEAD
<<<<<<< HEAD
(rerunfilecheck)             Checksum: 91755E0C4B0B705E2FB8A6A7DE96575A;8168.
=======
(rerunfilecheck)             Checksum: ABED739430D726E6F1811EDF19866640;6186.
>>>>>>> –†–µ–ø–æ—Ä—Ç
=======
(rerunfilecheck)             Checksum: FD6B3E1324DB8BAA25352C00E2FD3675;201.
>>>>>>> Revert "–†–µ–ø–æ—Ä—Ç"


LaTeX Warning: There were multiply-defined labels.

Package atveryend Info: Empty hook `AtVeryVeryEnd' on input line 663.
 ) 
Here is how much of TeX's memory you used:
<<<<<<< HEAD
<<<<<<< HEAD
 21562 strings out of 494515
 390210 string characters out of 6173718
 465025 words of memory out of 5000000
 24295 multiletter control sequences out of 15000+600000
 18178 words of font info for 40 fonts, out of 8000000 for 9000
 430 hyphenation exceptions out of 8191
 58i,8n,65p,1681b,676s stack positions out of 5000i,500n,10000p,200000b,80000s
 </home/dmitriy/.texmf-var/fonts/pk/ljfour/lh/lh-t2a/larm1000.600pk> </home/d
mitriy/.texmf-var/fonts/pk/ljfour/lh/lh-t2a/larm0700.600pk> </home/dmitriy/.tex
mf-var/fonts/pk/ljfour/lh/lh-t2a/larm0800.600pk> </home/dmitriy/.texmf-var/font
s/pk/ljfour/lh/lh-t2a/latt1200.600pk> </home/dmitriy/.texmf-var/fonts/pk/ljfour
/lh/lh-t2a/lati1200.600pk> </home/dmitriy/.texmf-var/fonts/pk/ljfour/lh/lh-t2a/
labx1440.600pk> </home/dmitriy/.texmf-var/fonts/pk/ljfour/lh/lh-t2a/labx1728.60
0pk> </home/dmitriy/.texmf-var/fonts/pk/ljfour/lh/lh-t2a/larm1200.600pk> </home
/dmitriy/.texmf-var/fonts/pk/ljfour/lh/lh-t2a/labx1200.600pk> </home/dmitriy/.t
exmf-var/fonts/pk/ljfour/lh/lh-t2a/labx2488.600pk> </home/dmitriy/.texmf-var/fo
nts/pk/ljfour/lh/lh-t2a/larm1440.600pk> </home/dmitriy/.texmf-var/fonts/pk/ljfo
ur/lh/lh-t2a/larm2074.600pk></usr/share/texlive/texmf-dist/fonts/type1/public/a
msfonts/cm/cmr10.pfb>
Output written on report.pdf (27 pages, 482830 bytes).
PDF statistics:
 1060 PDF objects out of 1200 (max. 8388607)
 446 compressed objects within 5 object streams
 113 named destinations out of 1000 (max. 500000)
 386 words of extra memory for PDF output out of 10000 (max. 10000000)
=======
 23683 strings out of 494397
 452626 string characters out of 6172287
 507750 words of memory out of 5000000
 26513 multiletter control sequences out of 15000+600000
=======
 21525 strings out of 494515
 389474 string characters out of 6173718
 466009 words of memory out of 5000000
 24259 multiletter control sequences out of 15000+600000
>>>>>>> Revert "–†–µ–ø–æ—Ä—Ç"
 18178 words of font info for 40 fonts, out of 8000000 for 9000
 430 hyphenation exceptions out of 8191
 58i,8n,65p,1681b,676s stack positions out of 5000i,500n,10000p,200000b,80000s
 </home/dmitriy/.texmf-var/fonts/pk/ljfour/lh/lh-t2a/larm1000.600pk> </home/d
mitriy/.texmf-var/fonts/pk/ljfour/lh/lh-t2a/larm0700.600pk> </home/dmitriy/.tex
mf-var/fonts/pk/ljfour/lh/lh-t2a/latt1200.600pk> </home/dmitriy/.texmf-var/font
s/pk/ljfour/lh/lh-t2a/larm0800.600pk> </home/dmitriy/.texmf-var/fonts/pk/ljfour
/lh/lh-t2a/lati1200.600pk> </home/dmitriy/.texmf-var/fonts/pk/ljfour/lh/lh-t2a/
labx1440.600pk> </home/dmitriy/.texmf-var/fonts/pk/ljfour/lh/lh-t2a/labx1728.60
0pk> </home/dmitriy/.texmf-var/fonts/pk/ljfour/lh/lh-t2a/larm1200.600pk> </home
/dmitriy/.texmf-var/fonts/pk/ljfour/lh/lh-t2a/labx1200.600pk> </home/dmitriy/.t
exmf-var/fonts/pk/ljfour/lh/lh-t2a/labx2488.600pk> </home/dmitriy/.texmf-var/fo
nts/pk/ljfour/lh/lh-t2a/larm1440.600pk> </home/dmitriy/.texmf-var/fonts/pk/ljfo
ur/lh/lh-t2a/larm2074.600pk></usr/share/texlive/texmf-dist/fonts/type1/public/a
msfonts/cm/cmmi12.pfb></usr/share/texlive/texmf-dist/fonts/type1/public/amsfont
s/cm/cmmi8.pfb></usr/share/texlive/texmf-dist/fonts/type1/public/amsfonts/cm/cm
r10.pfb></usr/share/texlive/texmf-dist/fonts/type1/public/amsfonts/cm/cmr12.pfb
></usr/share/texlive/texmf-dist/fonts/type1/public/amsfonts/cm/cmr6.pfb></usr/s
hare/texlive/texmf-dist/fonts/type1/public/amsfonts/cm/cmr8.pfb>
Output written on report.pdf (26 pages, 494997 bytes).
PDF statistics:
<<<<<<< HEAD
 982 PDF objects out of 1000 (max. 8388607)
 408 compressed objects within 5 object streams
 109 named destinations out of 1000 (max. 500000)
 298 words of extra memory for PDF output out of 10000 (max. 10000000)
>>>>>>> –†–µ–ø–æ—Ä—Ç
=======
 847 PDF objects out of 1000 (max. 8388607)
 302 compressed objects within 4 object streams
 112 named destinations out of 1000 (max. 500000)
 74 words of extra memory for PDF output out of 10000 (max. 10000000)
>>>>>>> Revert "–†–µ–ø–æ—Ä—Ç"

